@-- issue
Ubuntu 24.10 \n \l

@-- uname
Linux rdp 6.11.0-8-generic #8-Ubuntu SMP PREEMPT_DYNAMIC Mon Sep 16 13:41:20 UTC 2024 x86_64 x86_64 x86_64 GNU/Linux
@-- apt list
Listing...
accountsservice-ubuntu-schemas/oracular,now 0.0.7+21.10.20210712-0ubuntu3 all [installed,automatic]
accountsservice/oracular,now 23.13.9-2ubuntu6 amd64 [installed,automatic]
acl/oracular,now 2.3.2-2 amd64 [installed,automatic]
activity-log-manager/oracular,now 0.9.7-0ubuntu31 amd64 [installed,automatic]
adduser/oracular,now 3.137ubuntu2 all [installed]
adwaita-icon-theme/oracular,now 47.0-1 all [installed,automatic]
alsa-base/oracular,now 1.0.25+dfsg-0ubuntu7 all [installed,automatic]
alsa-topology-conf/oracular,now 1.2.5.1-3 all [installed,automatic]
alsa-ucm-conf/oracular,now 1.2.10-1ubuntu6 all [installed,automatic]
alsa-utils/oracular,now 1.2.11-1ubuntu1 amd64 [installed,automatic]
anacron/oracular,now 2.3-40ubuntu1 amd64 [installed,automatic]
apg/oracular,now 2.2.3.dfsg.1-6 amd64 [installed,automatic]
apparmor/oracular,now 4.1.0~beta1-0ubuntu3 amd64 [installed,automatic]
apport-core-dump-handler/oracular,now 2.30.0-0ubuntu4 all [installed,automatic]
apport-symptoms/oracular,now 0.25 all [installed,automatic]
apport/oracular,now 2.30.0-0ubuntu4 all [installed,automatic]
appstream/oracular,now 1.0.3-1 amd64 [installed,automatic]
apt-utils/oracular,now 2.9.8 amd64 [installed]
apt/oracular,now 2.9.8 amd64 [installed]
aspell-en/oracular,now 2020.12.07-0-1 all [installed,automatic]
aspell/oracular,now 0.60.8.1-1build1 amd64 [installed,automatic]
at-spi2-common/oracular,now 2.54.0-1 all [installed,automatic]
at-spi2-core/oracular,now 2.54.0-1 amd64 [installed,automatic]
ayatana-indicator-application/oracular,now 22.2.0-2 amd64 [installed,automatic]
ayatana-indicator-common/oracular,now 0.9.10-3 all [installed,automatic]
bamfdaemon/oracular,now 0.5.6+22.04.20220217-0ubuntu5 amd64 [installed,automatic]
base-files/oracular,now 13.3ubuntu6 amd64 [installed]
base-passwd/oracular,now 3.6.4 amd64 [installed]
bash/oracular,now 5.2.32-1ubuntu1 amd64 [installed]
bc/oracular,now 1.07.1-4 amd64 [installed,automatic]
bluez-cups/oracular,now 5.77-0ubuntu1 amd64 [installed,automatic]
bluez-obexd/oracular,now 5.77-0ubuntu1 amd64 [installed,automatic]
bluez/oracular,now 5.77-0ubuntu1 amd64 [installed,automatic]
bolt/oracular,now 0.9.8-1 amd64 [installed,automatic]
bsdextrautils/oracular,now 2.40.2-1ubuntu1 amd64 [installed,automatic]
bsdutils/oracular,now 1:2.40.2-1ubuntu1 amd64 [installed]
bubblewrap/oracular,now 0.10.0-1 amd64 [installed,automatic]
busybox-initramfs/oracular,now 1:1.36.1-9ubuntu1 amd64 [installed,automatic]
ca-certificates/oracular,now 20240203 all [installed]
cheese-common/oracular,now 44.1-2 all [installed,automatic]
cifs-utils/oracular,now 2:7.0-2.1 amd64 [installed]
cloud-guest-utils/oracular,now 0.33-1 all [installed,automatic]
cloud-init/oracular,now 24.4~3+really24.3.1-0ubuntu4 all [installed]
colord-data/oracular,now 1.4.7-1build2 all [installed,automatic]
colord/oracular,now 1.4.7-1build2 amd64 [installed,automatic]
console-setup-linux/oracular,now 1.226ubuntu2 all [installed]
console-setup/oracular,now 1.226ubuntu2 all [installed]
coreutils/oracular,now 9.4-3.1ubuntu1 amd64 [installed]
cpdb-backend-cups/oracular,now 2.0b5-1ubuntu1 amd64 [installed,automatic]
cpio/oracular,now 2.15+dfsg-2 amd64 [installed,automatic]
cpp-14-x86-64-linux-gnu/oracular,now 14.2.0-4ubuntu2 amd64 [installed,automatic]
cpp-14/oracular,now 14.2.0-4ubuntu2 amd64 [installed,automatic]
cpp-x86-64-linux-gnu/oracular,now 4:14.1.0-2ubuntu1 amd64 [installed,automatic]
cpp/oracular,now 4:14.1.0-2ubuntu1 amd64 [installed,automatic]
cracklib-runtime/oracular,now 2.9.6-5.1build2 amd64 [installed,automatic]
cron-daemon-common/oracular,now 3.0pl1-189ubuntu1 all [installed]
cron/oracular,now 3.0pl1-189ubuntu1 amd64 [installed]
cups-browsed/oracular-updates,oracular-security,now 2.0.1-0ubuntu2.1 amd64 [installed,automatic]
cups-bsd/oracular,now 2.4.10-1ubuntu2 amd64 [installed,automatic]
cups-client/oracular,now 2.4.10-1ubuntu2 amd64 [installed,automatic]
cups-common/oracular,now 2.4.10-1ubuntu2 all [installed,automatic]
cups-core-drivers/oracular,now 2.4.10-1ubuntu2 amd64 [installed,automatic]
cups-daemon/oracular,now 2.4.10-1ubuntu2 amd64 [installed,automatic]
cups-filters-core-drivers/oracular,now 2.0.1-0ubuntu1 amd64 [installed,automatic]
cups-filters/oracular,now 2.0.1-0ubuntu1 amd64 [installed,automatic]
cups-ipp-utils/oracular,now 2.4.10-1ubuntu2 amd64 [installed,automatic]
cups-pk-helper/oracular,now 0.2.6-1ubuntu8 amd64 [installed,automatic]
cups-ppdc/oracular,now 2.4.10-1ubuntu2 amd64 [installed,automatic]
cups-server-common/oracular,now 2.4.10-1ubuntu2 all [installed,automatic]
cups/oracular,now 2.4.10-1ubuntu2 amd64 [installed,automatic]
curl/oracular,now 8.9.1-2ubuntu2 amd64 [installed]
dash/oracular,now 0.5.12-9ubuntu1 amd64 [installed]
dbus-bin/oracular,now 1.14.10-4ubuntu5 amd64 [installed]
dbus-daemon/oracular,now 1.14.10-4ubuntu5 amd64 [installed]
dbus-session-bus-common/oracular,now 1.14.10-4ubuntu5 all [installed]
dbus-system-bus-common/oracular,now 1.14.10-4ubuntu5 all [installed]
dbus-user-session/oracular,now 1.14.10-4ubuntu5 amd64 [installed]
dbus-x11/oracular,now 1.14.10-4ubuntu5 amd64 [installed,automatic]
dbus/oracular,now 1.14.10-4ubuntu5 amd64 [installed]
dc/oracular,now 1.07.1-4 amd64 [installed,automatic]
dconf-cli/oracular,now 0.40.0-4build2 amd64 [installed,automatic]
dconf-gsettings-backend/oracular,now 0.40.0-4build2 amd64 [installed,automatic]
dconf-service/oracular,now 0.40.0-4build2 amd64 [installed,automatic]
debconf-i18n/oracular,now 1.5.86ubuntu1 all [installed]
debconf/oracular,now 1.5.86ubuntu1 all [installed]
debianutils/oracular,now 5.20 amd64 [installed]
desktop-file-utils/oracular,now 0.27-2build1 amd64 [installed,automatic]
dhcpcd-base/oracular,now 1:10.0.8-3 amd64 [installed]
dictionaries-common/oracular,now 1.29.7 all [installed,automatic]
diffutils/oracular,now 1:3.10-1build1 amd64 [installed]
dirmngr/oracular,now 2.4.4-2ubuntu18 amd64 [installed,automatic]
distro-info-data/oracular,now 0.62 all [installed,upgradable to: 0.62ubuntu0.1]
distro-info/oracular,now 1.9 amd64 [installed]
dmidecode/oracular,now 3.6-1 amd64 [installed,automatic]
dmsetup/oracular,now 2:1.02.196-1ubuntu2 amd64 [installed]
dmz-cursor-theme/oracular,now 0.4.5ubuntu1 all [installed,automatic]
dns-root-data/oracular,now 2024041801 all [installed,automatic]
dnsmasq-base/oracular,now 2.90-4 amd64 [installed,automatic]
doc-base/oracular,now 0.11.2 all [installed,automatic]
docbook-xml/oracular,now 4.5-13 all [installed,automatic]
dosfstools/oracular,now 4.2-1.1build1 amd64 [installed,automatic]
dpkg/oracular,now 1.22.11ubuntu1 amd64 [installed]
dracut-install/oracular,now 103-1ubuntu3 amd64 [installed,automatic]
e2fsprogs/oracular,now 1.47.1-1ubuntu1 amd64 [installed]
eatmydata/oracular,now 131-2 all [installed,automatic]
eject/oracular,now 2.40.2-1ubuntu1 amd64 [installed]
elementary-xfce-icon-theme/oracular,now 0.19-1 all [installed,automatic]
emacsen-common/oracular,now 3.0.5 all [installed,automatic]
enchant-2/oracular,now 2.3.3-2build2 amd64 [installed,automatic]
evolution-data-server-common/oracular,now 3.54.0-1 all [installed,automatic]
evolution-data-server/oracular,now 3.54.0-1 amd64 [installed,automatic]
exo-utils/oracular,now 4.19.0-1 amd64 [installed,automatic]
fdisk/oracular,now 2.40.2-1ubuntu1 amd64 [installed,automatic]
file/oracular,now 1:5.45-3build1 amd64 [installed,automatic]
findutils/oracular,now 4.10.0-3 amd64 [installed]
fontconfig-config/oracular,now 2.15.0-1.1ubuntu2 amd64 [installed,automatic]
fontconfig/oracular,now 2.15.0-1.1ubuntu2 amd64 [installed,automatic]
fonts-dejavu-core/oracular,now 2.37-8 all [installed,automatic]
fonts-dejavu-mono/oracular,now 2.37-8 all [installed,automatic]
fonts-droid-fallback/oracular,now 1:6.0.1r16-1.1build1 all [installed,automatic]
fonts-liberation-sans-narrow/oracular,now 1:1.07.6-4 all [installed,automatic]
fonts-liberation/oracular,now 1:2.1.5-3 all [installed,automatic]
fonts-noto-cjk-extra/oracular,now 1:20240730+repack1-1 all [installed]
fonts-noto-cjk/oracular,now 1:20240730+repack1-1 all [installed,automatic]
fonts-noto-color-emoji/oracular,now 2.047-1 all [installed,automatic]
fonts-noto-core/oracular,now 20201225-2 all [installed,automatic]
fonts-noto-hinted/oracular,now 20201225-2 all [installed,automatic]
fonts-noto-mono/oracular,now 20201225-2 all [installed,automatic]
fonts-noto-ui-core/oracular,now 20201225-2 all [installed,automatic]
fonts-opensymbol/oracular,now 4:102.12+LibO24.8.2-0ubuntu1 all [installed,automatic]
fonts-symbola/oracular,now 2.60-2 all [installed,automatic]
fonts-ubuntu/oracular,now 0.869+git20240321-0ubuntu1 all [installed,automatic]
fonts-urw-base35/oracular,now 20200910-8 all [installed,automatic]
foomatic-db-compressed-ppds/oracular,now 20240813-0ubuntu1 all [installed,automatic]
fuse3/oracular,now 3.14.0-9 amd64 [installed]
fwupd-signed/oracular,now 1.54+1.6-1build1 amd64 [installed,automatic]
fwupd/oracular,now 1.9.24-1 amd64 [installed,automatic]
gcc-14-base/oracular,now 14.2.0-4ubuntu2 amd64 [installed]
gcr4/oracular,now 4.3.0-1 amd64 [installed,automatic]
gcr/oracular,now 3.41.2-1build3 amd64 [installed,automatic]
gdisk/oracular,now 1.0.10-2 amd64 [installed,automatic]
geocode-glib-common/oracular,now 3.26.3-6build3 all [installed,automatic]
gettext-base/oracular,now 0.22.5-2 amd64 [installed,automatic]
ghostscript/oracular,now 10.03.1~dfsg1-0ubuntu2 amd64 [installed,automatic]
gir1.2-atk-1.0/oracular,now 2.54.0-1 amd64 [installed,automatic]
gir1.2-dbusmenu-glib-0.4/oracular,now 18.10.20180917~bzr492+repack1-3.1ubuntu5 amd64 [installed,automatic]
gir1.2-freedesktop/oracular,now 1.80.1-4 amd64 [installed,automatic]
gir1.2-gdkpixbuf-2.0/oracular,now 2.42.12+dfsg-1 amd64 [installed,automatic]
gir1.2-girepository-2.0/oracular,now 1.80.1-4 amd64 [installed]
gir1.2-glib-2.0/oracular,now 2.82.1-0ubuntu1 amd64 [installed]
gir1.2-gtk-3.0/oracular,now 3.24.43-3ubuntu2 amd64 [installed,automatic]
gir1.2-handy-1/oracular,now 1.8.3-1build2 amd64 [installed,automatic]
gir1.2-harfbuzz-0.0/oracular,now 9.0.0-1 amd64 [installed,automatic]
gir1.2-ibus-1.0/oracular,now 1.5.30-1 amd64 [installed,automatic]
gir1.2-libxfce4util-1.0/oracular,now 4.19.3-1 amd64 [installed,automatic]
gir1.2-notify-0.7/oracular,now 0.8.3-1build2 amd64 [installed,automatic]
gir1.2-packagekitglib-1.0/oracular,now 1.3.0-1 amd64 [installed,automatic]
gir1.2-pango-1.0/oracular,now 1.54.0+ds-2 amd64 [installed,automatic]
gir1.2-polkit-1.0/oracular,now 124-2ubuntu1 amd64 [installed,automatic]
gir1.2-secret-1/oracular,now 0.21.4-3 amd64 [installed,automatic]
gir1.2-xfconf-0/oracular,now 4.19.2-1 amd64 [installed,automatic]
gkbd-capplet/oracular,now 3.28.1-1build3 amd64 [installed,automatic]
glib-networking-common/oracular,now 2.80.0-1build1 all [installed,automatic]
glib-networking-services/oracular,now 2.80.0-1build1 amd64 [installed,automatic]
glib-networking/oracular,now 2.80.0-1build1 amd64 [installed,automatic]
gnome-accessibility-themes/oracular,now 3.28-2ubuntu5 all [installed,automatic]
gnome-bluetooth-3-common/oracular,now 47.0-1 all [installed,automatic]
gnome-bluetooth-sendto/oracular,now 47.0-1 amd64 [installed,automatic]
gnome-bluetooth/oracular,now 42~3.34.5-13build3 all [installed,automatic]
gnome-control-center-faces/oracular,now 1:47.0.1-1ubuntu2 all [installed,automatic]
gnome-desktop3-data/oracular,now 44.1-1 all [installed,automatic]
gnome-keyring-pkcs11/oracular,now 46.2-1 amd64 [installed,automatic]
gnome-keyring/oracular,now 46.2-1 amd64 [installed,automatic]
gnome-menus/oracular,now 3.36.0-1.1ubuntu3 amd64 [installed,automatic]
gnome-power-manager/oracular,now 43.0-2build2 amd64 [installed,automatic]
gnome-screensaver/oracular,now 3.6.1-13ubuntu4 amd64 [installed,automatic]
gnome-session-bin/oracular,now 46.0-8ubuntu1 amd64 [installed,automatic]
gnome-session-common/oracular,now 46.0-8ubuntu1 all [installed,automatic]
gnome-settings-daemon-common/oracular,now 47.1-1ubuntu1 all [installed,automatic]
gnome-startup-applications/oracular,now 46.0-8ubuntu1 amd64 [installed,automatic]
gnome-themes-extra-data/oracular,now 3.28-2ubuntu5 all [installed,automatic]
gnome-themes-extra/oracular,now 3.28-2ubuntu5 amd64 [installed,automatic]
gnupg-l10n/oracular,now 2.4.4-2ubuntu18 all [installed,automatic]
gnupg-utils/oracular,now 2.4.4-2ubuntu18 amd64 [installed,automatic]
gnupg/oracular,now 2.4.4-2ubuntu18 all [installed,automatic]
google-chrome-stable/stable,now 130.0.6723.69-1 amd64 [installed]
gpg-agent/oracular,now 2.4.4-2ubuntu18 amd64 [installed,automatic]
gpg-wks-client/oracular,now 2.4.4-2ubuntu18 amd64 [installed,automatic]
gpg/oracular,now 2.4.4-2ubuntu18 amd64 [installed,automatic]
gpgconf/oracular,now 2.4.4-2ubuntu18 amd64 [installed,automatic]
gpgsm/oracular,now 2.4.4-2ubuntu18 amd64 [installed,automatic]
gpgv/oracular,now 2.4.4-2ubuntu18 amd64 [installed]
grep/oracular,now 3.11-4build1 amd64 [installed]
greybird-gtk-theme/oracular,now 3.23.3-1ubuntu1 all [installed,automatic]
groff-base/oracular,now 1.23.0-5 amd64 [installed,automatic]
grub-common/oracular,now 2.12-5ubuntu5 amd64 [installed,automatic]
gsettings-desktop-schemas/oracular,now 47.1-1ubuntu1 all [installed,automatic]
gsettings-ubuntu-schemas/oracular,now 0.0.7+21.10.20210712-0ubuntu3 all [installed,automatic]
gstreamer1.0-clutter-3.0/oracular,now 3.0.27-4build1 amd64 [installed,automatic]
gstreamer1.0-gl/oracular,now 1.24.8-1 amd64 [installed,automatic]
gstreamer1.0-plugins-base/oracular,now 1.24.8-1 amd64 [installed,automatic]
gstreamer1.0-plugins-good/oracular,now 1.24.8-1ubuntu1 amd64 [installed,automatic]
gstreamer1.0-x/oracular,now 1.24.8-1 amd64 [installed,automatic]
gtk-update-icon-cache/oracular,now 4.16.2+ds-2 amd64 [installed,automatic]
gtk2-engines-murrine/oracular,now 0.98.2-4 amd64 [installed,automatic]
gtk2-engines-pixbuf/oracular,now 2.24.33-5ubuntu2 amd64 [installed,automatic]
gucharmap/oracular,now 1:15.1.5-1 amd64 [installed,automatic]
gvfs-backends/oracular,now 1.56.0-2 amd64 [installed,automatic]
gvfs-common/oracular,now 1.56.0-2 all [installed,automatic]
gvfs-daemons/oracular,now 1.56.0-2 amd64 [installed,automatic]
gvfs-libs/oracular,now 1.56.0-2 amd64 [installed,automatic]
gvfs/oracular,now 1.56.0-2 amd64 [installed,automatic]
gzip/oracular,now 1.12-1.1ubuntu1 amd64 [installed]
hicolor-icon-theme/oracular,now 0.18-1 all [installed,automatic]
hostname/oracular,now 3.23+nmu2ubuntu2 amd64 [installed]
hplip-data/oracular,now 3.24.4+dfsg0-0ubuntu3 all [installed,automatic]
hplip/oracular,now 3.24.4+dfsg0-0ubuntu3 amd64 [installed,automatic]
humanity-icon-theme/oracular,now 0.6.16 all [installed,automatic]
hunspell-en-us/oracular,now 1:2020.12.07-2 all [installed,automatic]
i965-va-driver/oracular,now 2.4.1+dfsg1-1build2 amd64 [installed,automatic]
ibus-data/oracular,now 1.5.30-1 all [installed,automatic]
ibus-gtk3/oracular,now 1.5.30-1 amd64 [installed,automatic]
ibus-gtk4/oracular,now 1.5.30-1 amd64 [installed,automatic]
ibus-gtk/oracular,now 1.5.30-1 amd64 [installed,automatic]
ibus-mozc/oracular,now 2.28.4715.102+dfsg-2.3 amd64 [installed]
ibus/oracular,now 1.5.30-1 amd64 [installed,automatic]
ibverbs-providers/oracular,now 52.0-2ubuntu1 amd64 [installed,automatic]
im-config/oracular,now 0.57-2 all [installed,automatic]
indicator-applet/oracular,now 12.10.2+20.10.20241006-0ubuntu1 amd64 [installed,automatic]
indicator-application/oracular,now 12.10.1+19.04.20190308.1-0ubuntu5 amd64 [installed,automatic]
indicator-appmenu/oracular,now 15.02.0+20.10.20200617.2-0ubuntu4 amd64 [installed,automatic]
indicator-bluetooth/oracular,now 0.0.6+17.10.20170605-0ubuntu5 amd64 [installed,automatic]
indicator-common/oracular,now 16.10.0+18.04.20180321.1-0ubuntu8 all [installed,automatic]
indicator-datetime/oracular,now 15.10+21.04.20210304-0ubuntu6 amd64 [installed,automatic]
indicator-keyboard/oracular,now 0.0.0+19.10.20240924-0ubuntu1 amd64 [installed,automatic]
indicator-messages/oracular,now 13.10.1+18.10.20180918-0ubuntu7 amd64 [installed,automatic]
indicator-power/oracular,now 12.10.6+17.10.20170829.1-0ubuntu9 amd64 [installed,automatic]
indicator-printers/oracular,now 0.1.7+17.10.20171101-0ubuntu7 amd64 [installed,automatic]
indicator-session/oracular,now 17.3.20+21.10.20210613.1-0ubuntu3 amd64 [installed,automatic]
indicator-sound/oracular,now 12.10.2+18.10.20180612-0ubuntu7 amd64 [installed,automatic]
init-system-helpers/oracular,now 1.66ubuntu1 all [installed]
init/oracular,now 1.66ubuntu1 amd64 [installed]
initramfs-tools-bin/oracular,now 0.142ubuntu34 amd64 [installed,automatic]
initramfs-tools-core/oracular,now 0.142ubuntu34 all [installed,automatic]
initramfs-tools/oracular,now 0.142ubuntu34 all [installed,automatic]
inputattach/oracular,now 1:1.8.1-2build1 amd64 [installed,automatic]
intel-media-va-driver/oracular,now 24.3.4+dfsg1-0ubuntu1 amd64 [installed,automatic]
iproute2/oracular,now 6.10.0-2 amd64 [installed,upgradable to: 6.10.0-2ubuntu1]
iputils-ping/oracular,now 3:20240117-1build1 amd64 [installed]
iso-codes/oracular,now 4.17.0-1 all [installed]
iw/oracular,now 6.9-1 amd64 [installed,automatic]
jayatana/oracular,now 2.7-0ubuntu8 amd64 [installed,automatic]
jq/oracular,now 1.7.1-3build1 amd64 [installed,automatic]
kbd/oracular,now 2.6.4-2ubuntu3 amd64 [installed]
keyboard-configuration/oracular,now 1.226ubuntu2 all [installed]
keyboxd/oracular,now 2.4.4-2ubuntu18 amd64 [installed,automatic]
keyutils/oracular,now 1.6.3-3build1 amd64 [installed,automatic]
klibc-utils/oracular,now 2.0.13-4ubuntu1 amd64 [installed,automatic]
kmod/oracular,now 31+20240202-2ubuntu8 amd64 [installed]
krb5-locales/oracular,now 1.21.3-3 all [installed]
language-pack-en-base/oracular,now 1:24.10+20241003 all [installed,automatic]
language-pack-en/oracular,now 1:24.10+20241003 all [installed]
language-pack-ja-base/oracular,now 1:24.10+20241003 all [installed,automatic]
language-pack-ja/oracular,now 1:24.10+20241003 all [installed]
language-selector-common/oracular,now 0.226 all [installed,automatic]
laptop-detect/oracular,now 0.16 all [installed,automatic]
less/oracular,now 643-1 amd64 [installed]
libaa1/oracular,now 1.4p5-51.1 amd64 [installed,automatic]
libabsl20230802/oracular,now 20230802.1-4ubuntu1 amd64 [installed,automatic]
libaccounts-glib0/oracular,now 1.27-1 amd64 [installed,automatic]
libaccountsservice0/oracular,now 23.13.9-2ubuntu6 amd64 [installed,automatic]
libacl1/oracular,now 2.3.2-2 amd64 [installed]
libadwaita-1-0/oracular,now 1.6.0-1ubuntu2 amd64 [installed,automatic]
libaom3/oracular,now 3.9.1-1 amd64 [installed,automatic]
libapparmor1/oracular,now 4.1.0~beta1-0ubuntu3 amd64 [installed]
libappstream5/oracular,now 1.0.3-1 amd64 [installed,automatic]
libapt-pkg6.0t64/oracular,now 2.9.8 amd64 [installed]
libarchive13t64/oracular,now 3.7.4-1 amd64 [installed,automatic]
libargon2-1/oracular,now 0~20190702+dfsg-4build1 amd64 [installed]
libasound2-data/oracular,now 1.2.12-1 all [installed,automatic]
libasound2-plugins/oracular,now 1.2.12-2 amd64 [installed,automatic]
libasound2t64/oracular,now 1.2.12-1 amd64 [installed,automatic]
libaspell15/oracular,now 0.60.8.1-1build1 amd64 [installed,automatic]
libassuan0/oracular,now 2.5.6-1build1 amd64 [installed]
libasyncns0/oracular,now 0.8-6build4 amd64 [installed,automatic]
libatasmart4/oracular,now 0.19-5build3 amd64 [installed,automatic]
libatk-bridge2.0-0t64/oracular,now 2.54.0-1 amd64 [installed,automatic]
libatk1.0-0t64/oracular,now 2.54.0-1 amd64 [installed,automatic]
libatm1t64/oracular,now 1:2.5.1-5.1build1 amd64 [installed]
libatomic1/oracular,now 14.2.0-4ubuntu2 amd64 [installed,automatic]
libatopology2t64/oracular,now 1.2.12-1 amd64 [installed,automatic]
libatspi2.0-0t64/oracular,now 2.54.0-1 amd64 [installed,automatic]
libattr1/oracular,now 1:2.5.2-1build2 amd64 [installed]
libaudit-common/oracular,now 1:4.0.1-1ubuntu2 all [installed]
libaudit1/oracular,now 1:4.0.1-1ubuntu2 amd64 [installed]
libauthen-sasl-perl/oracular,now 2.1700-1 all [installed,automatic]
libavahi-client3/oracular,now 0.8-13ubuntu6 amd64 [installed,automatic]
libavahi-common-data/oracular,now 0.8-13ubuntu6 amd64 [installed,automatic]
libavahi-common3/oracular,now 0.8-13ubuntu6 amd64 [installed,automatic]
libavahi-glib1/oracular,now 0.8-13ubuntu6 amd64 [installed,automatic]
libavc1394-0/oracular,now 0.5.4-5build3 amd64 [installed,automatic]
libavcodec61/oracular,now 7:7.0.2-3ubuntu1 amd64 [installed,automatic]
libavutil59/oracular,now 7:7.0.2-3ubuntu1 amd64 [installed,automatic]
libayatana-appindicator3-1/oracular,now 0.5.93+really-1 amd64 [installed,automatic]
libayatana-ido3-0.4-0/oracular,now 0.10.2-1 amd64 [installed,automatic]
libayatana-indicator3-7/oracular,now 0.9.4-1build1 amd64 [installed,automatic]
libbamf3-2t64/oracular,now 0.5.6+22.04.20220217-0ubuntu5 amd64 [installed,automatic]
libblkid1/oracular,now 2.40.2-1ubuntu1 amd64 [installed]
libblockdev-crypto3/oracular,now 3.1.1-2 amd64 [installed,automatic]
libblockdev-fs3/oracular,now 3.1.1-2 amd64 [installed,automatic]
libblockdev-loop3/oracular,now 3.1.1-2 amd64 [installed,automatic]
libblockdev-mdraid3/oracular,now 3.1.1-2 amd64 [installed,automatic]
libblockdev-nvme3/oracular,now 3.1.1-2 amd64 [installed,automatic]
libblockdev-part3/oracular,now 3.1.1-2 amd64 [installed,automatic]
libblockdev-swap3/oracular,now 3.1.1-2 amd64 [installed,automatic]
libblockdev-utils3/oracular,now 3.1.1-2 amd64 [installed,automatic]
libblockdev3/oracular,now 3.1.1-2 amd64 [installed,automatic]
libbluetooth3/oracular,now 5.77-0ubuntu1 amd64 [installed,automatic]
libbpf1/oracular,now 1:1.4.5-1 amd64 [installed]
libbrotli1/oracular,now 1.1.0-2build2 amd64 [installed,automatic]
libbsd0/oracular,now 0.12.2-1 amd64 [installed]
libbytesize-common/oracular,now 2.10-1ubuntu2 all [installed,automatic]
libbytesize1/oracular,now 2.10-1ubuntu2 amd64 [installed,automatic]
libbz2-1.0/oracular,now 1.0.8-6 amd64 [installed]
libc-bin/oracular,now 2.40-1ubuntu3 amd64 [installed]
libc6/oracular,now 2.40-1ubuntu3 amd64 [installed]
libcaca0/oracular,now 0.99.beta20-5 amd64 [installed,automatic]
libcairo-gobject-perl/oracular,now 1.005-4build3 amd64 [installed,automatic]
libcairo-gobject2/oracular,now 1.18.2-2 amd64 [installed,automatic]
libcairo-perl/oracular,now 1.109-5 amd64 [installed,automatic]
libcairo-script-interpreter2/oracular,now 1.18.2-2 amd64 [installed,automatic]
libcairo2/oracular,now 1.18.2-2 amd64 [installed,automatic]
libcairomm-1.16-1/oracular,now 1.18.0-1build1 amd64 [installed,automatic]
libcamel-1.2-64t64/oracular,now 3.54.0-1 amd64 [installed,automatic]
libcanberra-gtk3-0/oracular,now 0.30-17ubuntu1 amd64 [installed,automatic]
libcanberra-gtk3-module/oracular,now 0.30-17ubuntu1 amd64 [installed,automatic]
libcanberra-pulse/oracular,now 0.30-17ubuntu1 amd64 [installed,automatic]
libcanberra0/oracular,now 0.30-17ubuntu1 amd64 [installed,automatic]
libcap-ng0/oracular,now 0.8.5-1 amd64 [installed]
libcap2-bin/oracular,now 1:2.66-5ubuntu3 amd64 [installed]
libcap2/oracular,now 1:2.66-5ubuntu3 amd64 [installed]
libcbor0.10/oracular,now 0.10.2-1.2ubuntu2 amd64 [installed,automatic]
libcdio-cdda2t64/oracular,now 10.2+2.0.2-1 amd64 [installed,automatic]
libcdio-paranoia2t64/oracular,now 10.2+2.0.2-1 amd64 [installed,automatic]
libcdio19t64/oracular,now 2.1.0-4.2ubuntu1 amd64 [installed,automatic]
libcdparanoia0/oracular,now 3.10.2+debian-14ubuntu1 amd64 [installed,automatic]
libcheese-gtk25/oracular,now 44.1-2 amd64 [installed,automatic]
libcheese8/oracular,now 44.1-2 amd64 [installed,automatic]
libclone-perl/oracular,now 0.46-1build3 amd64 [installed,automatic]
libclutter-1.0-0/oracular,now 1.26.4+git2779b932+dfsg-7build3 amd64 [installed,automatic]
libclutter-1.0-common/oracular,now 1.26.4+git2779b932+dfsg-7build3 all [installed,automatic]
libclutter-gst-3.0-0/oracular,now 3.0.27-4build1 amd64 [installed,automatic]
libclutter-gtk-1.0-0/oracular,now 1.8.4-4build5 amd64 [installed,automatic]
libcodec2-1.2/oracular,now 1.2.0-2build1 amd64 [installed,automatic]
libcogl-common/oracular,now 1.22.8-4ubuntu4 all [installed,automatic]
libcogl-pango20/oracular,now 1.22.8-4ubuntu4 amd64 [installed,automatic]
libcogl-path20/oracular,now 1.22.8-4ubuntu4 amd64 [installed,automatic]
libcogl20/oracular,now 1.22.8-4ubuntu4 amd64 [installed,automatic]
libcolord2/oracular,now 1.4.7-1build2 amd64 [installed,automatic]
libcolorhug2/oracular,now 1.4.7-1build2 amd64 [installed,automatic]
libcom-err2/oracular,now 1.47.1-1ubuntu1 amd64 [installed]
libcpdb-frontend2t64/oracular,now 2.0~b5-1.2build1 amd64 [installed,automatic]
libcpdb2t64/oracular,now 2.0~b5-1.2build1 amd64 [installed,automatic]
libcrack2/oracular,now 2.9.6-5.1build2 amd64 [installed,automatic]
libcrypt1/oracular,now 1:4.4.36-4build1 amd64 [installed]
libcryptsetup12/oracular,now 2:2.7.2-2ubuntu1 amd64 [installed]
libcups2t64/oracular,now 2.4.10-1ubuntu2 amd64 [installed,automatic]
libcupsfilters2-common/oracular,now 2.1~b1-0ubuntu3 all [installed,automatic]
libcupsfilters2t64/oracular,now 2.1~b1-0ubuntu3 amd64 [installed,automatic]
libcupsimage2t64/oracular,now 2.4.10-1ubuntu2 amd64 [installed,automatic]
libcurl3t64-gnutls/oracular,now 8.9.1-2ubuntu2 amd64 [installed,automatic]
libcurl4t64/oracular,now 8.9.1-2ubuntu2 amd64 [installed,automatic]
libdata-dump-perl/oracular,now 1.25-1 all [installed,automatic]
libdatrie1/oracular,now 0.2.13-3build1 amd64 [installed,automatic]
libdav1d7/oracular,now 1.4.3-1 amd64 [installed,automatic]
libdb5.3t64/oracular,now 5.3.28+dfsg2-7 amd64 [installed]
libdbus-1-3/oracular,now 1.14.10-4ubuntu5 amd64 [installed]
libdbus-glib-1-2/oracular,now 0.112-3build2 amd64 [installed,automatic]
libdbusmenu-glib4/oracular,now 18.10.20180917~bzr492+repack1-3.1ubuntu5 amd64 [installed,automatic]
libdbusmenu-gtk3-4/oracular,now 18.10.20180917~bzr492+repack1-3.1ubuntu5 amd64 [installed,automatic]
libdconf1/oracular,now 0.40.0-4build2 amd64 [installed,automatic]
libde265-0/oracular,now 1.0.15-1build4 amd64 [installed,automatic]
libdebconfclient0/oracular,now 0.272ubuntu1 amd64 [installed]
libdee-1.0-4/oracular,now 1.2.7+17.10.20170616-7build5 amd64 [installed,automatic]
libdeflate0/oracular,now 1.21-1 amd64 [installed,automatic]
libdevmapper1.02.1/oracular,now 2:1.02.196-1ubuntu2 amd64 [installed]
libdisplay-info2/oracular,now 0.2.0-2 amd64 [installed,automatic]
libdouble-conversion3/oracular,now 3.3.0-1build1 amd64 [installed,automatic]
libdrm-amdgpu1/oracular,now 2.4.122-1 amd64 [installed,automatic]
libdrm-common/oracular,now 2.4.122-1 all [installed,automatic]
libdrm-intel1/oracular,now 2.4.122-1 amd64 [installed,automatic]
libdrm-nouveau2/oracular,now 2.4.122-1 amd64 [installed,automatic]
libdrm-radeon1/oracular,now 2.4.122-1 amd64 [installed,automatic]
libdrm2/oracular,now 2.4.122-1 amd64 [installed,automatic]
libduktape207/oracular,now 2.7.0+tests-0ubuntu3 amd64 [installed,automatic]
libdv4t64/oracular,now 1.0.0-17.1build1 amd64 [installed,automatic]
libdw1t64/oracular,now 0.191-2 amd64 [installed,automatic]
libeatmydata1/oracular,now 131-2 amd64 [installed,automatic]
libebackend-1.2-11t64/oracular,now 3.54.0-1 amd64 [installed,automatic]
libebook-1.2-21t64/oracular,now 3.54.0-1 amd64 [installed,automatic]
libebook-contacts-1.2-4t64/oracular,now 3.54.0-1 amd64 [installed,automatic]
libecal-2.0-3/oracular,now 3.54.0-1 amd64 [installed,automatic]
libedata-book-1.2-27t64/oracular,now 3.54.0-1 amd64 [installed,automatic]
libedata-cal-2.0-2t64/oracular,now 3.54.0-1 amd64 [installed,automatic]
libedataserver-1.2-27t64/oracular,now 3.54.0-1 amd64 [installed,automatic]
libedataserverui-1.2-4t64/oracular,now 3.54.0-1 amd64 [installed,automatic]
libedit2/oracular,now 3.1-20240517-1 amd64 [installed,automatic]
libefiboot1t64/oracular,now 38-3.1build1 amd64 [installed,automatic]
libefivar1t64/oracular,now 38-3.1build1 amd64 [installed,automatic]
libegl-mesa0/oracular,now 24.2.3-1ubuntu1 amd64 [installed,automatic]
libegl1/oracular,now 1.7.0-1build1 amd64 [installed,automatic]
libelf1t64/oracular,now 0.191-2 amd64 [installed]
libenchant-2-2/oracular,now 2.3.3-2build2 amd64 [installed,automatic]
libencode-locale-perl/oracular,now 1.05-3 all [installed,automatic]
libepoxy0/oracular,now 1.5.10-1build1 amd64 [installed,automatic]
libept1.6.0t64/oracular,now 1.2.1+nmu1build1 amd64 [installed,automatic]
libestr0/oracular,now 0.1.11-1build1 amd64 [installed]
libevdev2/oracular,now 1.13.2+dfsg-1 amd64 [installed,automatic]
libexif12/oracular,now 0.6.24-1build2 amd64 [installed,automatic]
libexo-2-0/oracular,now 4.19.0-1 amd64 [installed,automatic]
libexo-common/oracular,now 4.19.0-1 all [installed,automatic]
libexpat1/oracular,now 2.6.2-2 amd64 [installed]
libext2fs2t64/oracular,now 1.47.1-1ubuntu1 amd64 [installed]
libextutils-depends-perl/oracular,now 0.8001-2 all [installed,automatic]
libfastjson4/oracular,now 1.2304.0-1build1 amd64 [installed]
libfcitx-config4/oracular,now 1:4.2.9.9-2build2 amd64 [installed,automatic]
libfcitx-gclient1/oracular,now 1:4.2.9.9-2build2 amd64 [installed,automatic]
libfcitx-utils0/oracular,now 1:4.2.9.9-2build2 amd64 [installed,automatic]
libfdisk1/oracular,now 2.40.2-1ubuntu1 amd64 [installed]
libffi8/oracular,now 3.4.6-1build1 amd64 [installed]
libfftw3-single3/oracular,now 3.3.10-1ubuntu4 amd64 [installed,automatic]
libfido2-1/oracular,now 1.15.0-1 amd64 [installed,automatic]
libfile-basedir-perl/oracular,now 0.09-2 all [installed,automatic]
libfile-desktopentry-perl/oracular,now 0.22-3 all [installed,automatic]
libfile-listing-perl/oracular,now 6.16-1 all [installed,automatic]
libfile-mimeinfo-perl/oracular,now 0.35-1 all [installed,automatic]
libflac12t64/oracular,now 1.4.3+ds-2.1ubuntu2 amd64 [installed,automatic]
libflashrom1/oracular,now 1.3.0-2.1ubuntu2 amd64 [installed,automatic]
libfont-afm-perl/oracular,now 1.20-4 all [installed,automatic]
libfontconfig1/oracular,now 2.15.0-1.1ubuntu2 amd64 [installed,automatic]
libfontenc1/oracular,now 1:1.1.8-1build1 amd64 [installed,automatic]
libfreetype6/oracular,now 2.13.3+dfsg-1 amd64 [installed,automatic]
libfribidi0/oracular,now 1.0.15-1 amd64 [installed]
libftdi1-2/oracular,now 1.5-6build5 amd64 [installed,automatic]
libfuse2t64/oracular,now 2.9.9-9 amd64 [installed,automatic]
libfuse3-3/oracular,now 3.14.0-9 amd64 [installed,automatic]
libfwupd2/oracular,now 1.9.24-1 amd64 [installed,automatic]
libgail-common/oracular,now 2.24.33-5ubuntu2 amd64 [installed,automatic]
libgail18t64/oracular,now 2.24.33-5ubuntu2 amd64 [installed,automatic]
libgarcon-1-0/oracular,now 4.19.1-1 amd64 [installed,automatic]
libgarcon-common/oracular,now 4.19.1-1 all [installed,automatic]
libgarcon-gtk3-1-0/oracular,now 4.19.1-1 amd64 [installed,automatic]
libgbm1/oracular,now 24.2.3-1ubuntu1 amd64 [installed,automatic]
libgcc-s1/oracular,now 14.2.0-4ubuntu2 amd64 [installed]
libgck-1-0/oracular,now 3.41.2-1build3 amd64 [installed,automatic]
libgck-2-2/oracular,now 4.3.0-1 amd64 [installed,automatic]
libgcr-4-4/oracular,now 4.3.0-1 amd64 [installed,automatic]
libgcr-base-3-1/oracular,now 3.41.2-1build3 amd64 [installed,automatic]
libgcr-ui-3-1/oracular,now 3.41.2-1build3 amd64 [installed,automatic]
libgcrypt20/oracular,now 1.11.0-6ubuntu1 amd64 [installed]
libgd3/oracular,now 2.3.3-12ubuntu3 amd64 [installed,automatic]
libgdata-common/oracular,now 0.18.1-8 all [installed,automatic]
libgdata22/oracular,now 0.18.1-8 amd64 [installed,automatic]
libgdbm-compat4t64/oracular,now 1.24-2 amd64 [installed,automatic]
libgdbm6t64/oracular,now 1.24-2 amd64 [installed,automatic]
libgdk-pixbuf-2.0-0/oracular,now 2.42.12+dfsg-1 amd64 [installed,automatic]
libgdk-pixbuf2.0-bin/oracular,now 2.42.12+dfsg-1 amd64 [installed,automatic]
libgdk-pixbuf2.0-common/oracular,now 2.42.12+dfsg-1 all [installed,automatic]
libgee-0.8-2/oracular,now 0.20.6-1build2 amd64 [installed,automatic]
libgeocode-glib-2-0/oracular,now 3.26.3-6build3 amd64 [installed,automatic]
libgeonames-common/oracular,now 0.3.1-1build2 all [installed,automatic]
libgeonames0/oracular,now 0.3.1-1build2 amd64 [installed,automatic]
libgif7/oracular,now 5.2.2-1ubuntu1 amd64 [installed,automatic]
libgirepository-1.0-1/oracular,now 1.80.1-4 amd64 [installed]
libgl1-amber-dri/oracular,now 21.3.9-0ubuntu2 amd64 [installed,automatic]
libgl1-mesa-dri/oracular,now 24.2.3-1ubuntu1 amd64 [installed,automatic]
libgl1/oracular,now 1.7.0-1build1 amd64 [installed,automatic]
libglapi-mesa/oracular,now 24.2.3-1ubuntu1 amd64 [installed,automatic]
libgles2/oracular,now 1.7.0-1build1 amd64 [installed,automatic]
libglib-object-introspection-perl/oracular,now 0.051-2 amd64 [installed,automatic]
libglib-perl/oracular,now 3:1.329.3-3build3 amd64 [installed,automatic]
libglib2.0-0t64/oracular,now 2.82.1-0ubuntu1 amd64 [installed]
libglib2.0-bin/oracular,now 2.82.1-0ubuntu1 amd64 [installed,automatic]
libglib2.0-data/oracular,now 2.82.1-0ubuntu1 all [installed]
libglibmm-2.68-1t64/oracular,now 2.82.0-1 amd64 [installed,automatic]
libglu1-mesa/oracular,now 9.0.2-1.1build1 amd64 [installed,automatic]
libglvnd0/oracular,now 1.7.0-1build1 amd64 [installed,automatic]
libglx-mesa0/oracular,now 24.2.3-1ubuntu1 amd64 [installed,automatic]
libglx0/oracular,now 1.7.0-1build1 amd64 [installed,automatic]
libgmp10/oracular,now 2:6.3.0+dfsg-2ubuntu7 amd64 [installed]
libgnome-bluetooth-3.0-13/oracular,now 47.0-1 amd64 [installed,automatic]
libgnome-desktop-3-20t64/oracular,now 44.1-1 amd64 [installed,automatic]
libgnome-menu-3-0/oracular,now 3.36.0-1.1ubuntu3 amd64 [installed,automatic]
libgnome-panel3/oracular,now 1:3.52.0-1ubuntu2 amd64 [installed,automatic]
libgnomekbd-common/oracular,now 3.28.1-1build3 all [installed,automatic]
libgnomekbd8/oracular,now 3.28.1-1build3 amd64 [installed,automatic]
libgnutls30t64/oracular,now 3.8.6-2ubuntu1 amd64 [installed]
libgoa-1.0-0b/oracular,now 3.52.0-1 amd64 [installed,automatic]
libgoa-1.0-common/oracular,now 3.52.0-1 all [installed,automatic]
libgomp1/oracular,now 14.2.0-4ubuntu2 amd64 [installed,automatic]
libgpg-error0/oracular,now 1.50-4 amd64 [installed]
libgpgme11t64/oracular,now 1.18.0-4.1ubuntu4 amd64 [installed,automatic]
libgphoto2-6t64/oracular,now 2.5.31-3ubuntu1 amd64 [installed,automatic]
libgphoto2-l10n/oracular,now 2.5.31-3ubuntu1 all [installed,automatic]
libgphoto2-port12t64/oracular,now 2.5.31-3ubuntu1 amd64 [installed,automatic]
libgpm2/oracular,now 1.20.7-11 amd64 [installed,automatic]
libgraphene-1.0-0/oracular,now 1.10.8-3build2 amd64 [installed,automatic]
libgraphite2-3/oracular,now 1.3.14-2ubuntu1 amd64 [installed,automatic]
libgs-common/oracular,now 10.03.1~dfsg1-0ubuntu2 all [installed,automatic]
libgs10-common/oracular,now 10.03.1~dfsg1-0ubuntu2 all [installed,automatic]
libgs10/oracular,now 10.03.1~dfsg1-0ubuntu2 amd64 [installed,automatic]
libgsm1/oracular,now 1.0.22-1build1 amd64 [installed,automatic]
libgssapi-krb5-2/oracular,now 1.21.3-3 amd64 [installed]
libgstreamer-gl1.0-0/oracular,now 1.24.8-1 amd64 [installed,automatic]
libgstreamer-plugins-base1.0-0/oracular,now 1.24.8-1 amd64 [installed,automatic]
libgstreamer-plugins-good1.0-0/oracular,now 1.24.8-1ubuntu1 amd64 [installed,automatic]
libgstreamer1.0-0/oracular,now 1.24.8-1 amd64 [installed,automatic]
libgtk-3-0t64/oracular,now 3.24.43-3ubuntu2 amd64 [installed,automatic]
libgtk-3-bin/oracular,now 3.24.43-3ubuntu2 amd64 [installed,automatic]
libgtk-3-common/oracular,now 3.24.43-3ubuntu2 all [installed,automatic]
libgtk-4-1/oracular,now 4.16.2+ds-2 amd64 [installed,automatic]
libgtk-4-bin/oracular,now 4.16.2+ds-2 amd64 [installed,automatic]
libgtk-4-common/oracular,now 4.16.2+ds-2 all [installed,automatic]
libgtk-4-media-gstreamer/oracular,now 4.16.2+ds-2 amd64 [installed,automatic]
libgtk-layer-shell0/oracular,now 0.8.2-1build2 amd64 [installed,automatic]
libgtk2.0-0t64/oracular,now 2.24.33-5ubuntu2 amd64 [installed,automatic]
libgtk2.0-bin/oracular,now 2.24.33-5ubuntu2 amd64 [installed,automatic]
libgtk2.0-common/oracular,now 2.24.33-5ubuntu2 all [installed,automatic]
libgtk3-perl/oracular,now 0.038-3 all [installed,automatic]
libgtkmm-4.0-0/oracular,now 4.16.0-1 amd64 [installed,automatic]
libgtop-2.0-11/oracular,now 2.41.3-1build4 amd64 [installed,automatic]
libgtop2-common/oracular,now 2.41.3-1build4 all [installed,automatic]
libgucharmap-2-90-7/oracular,now 1:15.1.5-1 amd64 [installed,automatic]
libgudev-1.0-0/oracular,now 1:238-5ubuntu1 amd64 [installed,automatic]
libgusb2/oracular,now 0.4.9-1 amd64 [installed,automatic]
libgweather-4-0t64/oracular,now 4.4.4-1 amd64 [installed,automatic]
libgweather-4-common/oracular,now 4.4.4-1 all [installed,automatic]
libhandy-1-0/oracular,now 1.8.3-1build2 amd64 [installed,automatic]
libharfbuzz-gobject0/oracular,now 9.0.0-1 amd64 [installed,automatic]
libharfbuzz-icu0/oracular,now 9.0.0-1 amd64 [installed,automatic]
libharfbuzz-subset0/oracular,now 9.0.0-1 amd64 [installed,automatic]
libharfbuzz0b/oracular,now 9.0.0-1 amd64 [installed,automatic]
libheif-plugin-aomdec/oracular,now 1.18.1-2 amd64 [installed,automatic]
libheif-plugin-aomenc/oracular,now 1.18.1-2 amd64 [installed,automatic]
libheif-plugin-libde265/oracular,now 1.18.1-2 amd64 [installed,automatic]
libheif1/oracular,now 1.18.1-2 amd64 [installed,automatic]
libhogweed6t64/oracular,now 3.10-1 amd64 [installed]
libhpmud0/oracular,now 3.24.4+dfsg0-0ubuntu3 amd64 [installed,automatic]
libhtml-form-perl/oracular,now 6.11-1 all [installed,automatic]
libhtml-format-perl/oracular,now 2.16-2 all [installed,automatic]
libhtml-parser-perl/oracular,now 3.83-1 amd64 [installed,automatic]
libhtml-tagset-perl/oracular,now 3.24-1 all [installed,automatic]
libhtml-tree-perl/oracular,now 5.07-3 all [installed,automatic]
libhttp-cookies-perl/oracular,now 6.11-1 all [installed,automatic]
libhttp-daemon-perl/oracular,now 6.16-1 all [installed,automatic]
libhttp-date-perl/oracular,now 6.06-1 all [installed,automatic]
libhttp-message-perl/oracular,now 6.46-1ubuntu1 all [installed,automatic]
libhttp-negotiate-perl/oracular,now 6.01-2 all [installed,automatic]
libhunspell-1.7-0/oracular,now 1.7.2+really1.7.2-10build3 amd64 [installed,automatic]
libhwy1t64/oracular,now 1.2.0-3ubuntu2 amd64 [installed,automatic]
libhyphen0/oracular,now 2.8.8-7build3 amd64 [installed,automatic]
libibus-1.0-5/oracular,now 1.5.30-1 amd64 [installed,automatic]
libibverbs1/oracular,now 52.0-2ubuntu1 amd64 [installed,automatic]
libical3t64/oracular,now 3.0.18-1 amd64 [installed,automatic]
libice6/oracular,now 2:1.0.10-1build3 amd64 [installed,automatic]
libicu74/oracular,now 74.2-1ubuntu4 amd64 [installed]
libidn12/oracular,now 1.42-2 amd64 [installed,automatic]
libidn2-0/oracular,now 2.3.7-2build2 amd64 [installed]
libido3-0.1-0/oracular,now 13.10.0+22.10.20221007-0ubuntu3 amd64 [installed,automatic]
libiec61883-0/oracular,now 1.2.0-6build1 amd64 [installed,automatic]
libieee1284-3t64/oracular,now 0.2.11-14.1build1 amd64 [installed,automatic]
libigdgmm12/oracular,now 22.5.2-0ubuntu1 amd64 [installed,automatic]
libijs-0.35/oracular,now 0.35-15.1build1 amd64 [installed,automatic]
libimagequant0/oracular,now 2.18.0-1build1 amd64 [installed,automatic]
libimobiledevice6/oracular,now 1.3.0-8.1build3 amd64 [installed,automatic]
libindicator3-7/oracular,now 16.10.0+18.04.20180321.1-0ubuntu8 amd64 [installed,automatic]
libinput-bin/oracular,now 1.26.2-1 amd64 [installed,automatic]
libinput10/oracular,now 1.26.2-1 amd64 [installed,automatic]
libio-html-perl/oracular,now 1.004-3 all [installed,automatic]
libio-socket-ssl-perl/oracular,now 2.088-1 all [installed,automatic]
libio-stringy-perl/oracular,now 2.113-2 all [installed,automatic]
libipc-system-simple-perl/oracular,now 1.30-2 all [installed,automatic]
libisl23/oracular,now 0.27-1 amd64 [installed,automatic]
libjack-jackd2-0/oracular,now 1.9.21~dfsg-3ubuntu3 amd64 [installed,automatic]
libjansson4/oracular,now 2.14-2build2 amd64 [installed,automatic]
libjavascriptcoregtk-4.1-0/oracular,now 2.46.1-0ubuntu1 amd64 [installed,automatic]
libjbig0/oracular,now 2.1-6.1ubuntu2 amd64 [installed,automatic]
libjbig2dec0/oracular,now 0.20-1build3 amd64 [installed,automatic]
libjcat1/oracular,now 0.2.0-2build3 amd64 [installed,automatic]
libjpeg-turbo8/oracular,now 2.1.5-2ubuntu2 amd64 [installed,automatic]
libjpeg8/oracular,now 8c-2ubuntu11 amd64 [installed,automatic]
libjq1/oracular,now 1.7.1-3build1 amd64 [installed,automatic]
libjson-c5/oracular,now 0.17-1build1 amd64 [installed]
libjson-glib-1.0-0/oracular,now 1.8.0-2build2 amd64 [installed,automatic]
libjson-glib-1.0-common/oracular,now 1.8.0-2build2 all [installed,automatic]
libjxl0.10/oracular,now 0.10.3-4ubuntu1 amd64 [installed,automatic]
libk5crypto3/oracular,now 1.21.3-3 amd64 [installed]
libkeybinder-3.0-0/oracular,now 0.3.2-1.1build2 amd64 [installed,automatic]
libkeyutils1/oracular,now 1.6.3-3build1 amd64 [installed]
libklibc/oracular,now 2.0.13-4ubuntu1 amd64 [installed,automatic]
libkmod2/oracular,now 31+20240202-2ubuntu8 amd64 [installed]
libkrb5-3/oracular,now 1.21.3-3 amd64 [installed]
libkrb5support0/oracular,now 1.21.3-3 amd64 [installed]
libksba8/oracular,now 1.6.7-2 amd64 [installed,automatic]
liblcms2-2/oracular,now 2.14-2build1 amd64 [installed,automatic]
liblcms2-utils/oracular,now 2.14-2build1 amd64 [installed,automatic]
libldap-common/oracular,now 2.6.8+dfsg-1~exp4ubuntu1 all [installed,automatic]
libldap2/oracular,now 2.6.8+dfsg-1~exp4ubuntu1 amd64 [installed,automatic]
libldb2/oracular,now 2:2.9.1+samba4.20.4+dfsg-1ubuntu1 amd64 [installed,automatic]
liblerc4/oracular,now 4.0.0+ds-4ubuntu2 amd64 [installed,automatic]
liblightdm-gobject-1-0/oracular,now 1.30.0-0ubuntu14 amd64 [installed,automatic]
libllvm19/oracular,now 1:19.1.1-1ubuntu1 amd64 [installed,automatic]
liblmdb0/oracular,now 0.9.31-1build1 amd64 [installed,automatic]
liblocale-gettext-perl/oracular,now 1.07-7 amd64 [installed]
liblouis-data/oracular,now 3.30.0-2 all [installed,automatic]
liblouis20/oracular,now 3.30.0-2 amd64 [installed,automatic]
liblouisutdml-bin/oracular,now 2.12.0-7 amd64 [installed,automatic]
liblouisutdml-data/oracular,now 2.12.0-7 all [installed,automatic]
liblouisutdml9t64/oracular,now 2.12.0-7 amd64 [installed,automatic]
libltdl7/oracular,now 2.4.7-7build1 amd64 [installed,automatic]
liblua5.4-0/oracular,now 5.4.6-3build2 amd64 [installed,automatic]
liblwp-mediatypes-perl/oracular,now 6.04-2 all [installed,automatic]
liblwp-protocol-https-perl/oracular,now 6.14-1 all [installed,automatic]
liblz4-1/oracular,now 1.9.4-3 amd64 [installed]
liblzma5/oracular,now 5.6.2-2 amd64 [installed]
liblzo2-2/oracular,now 2.10-3 amd64 [installed,automatic]
libmagic-mgc/oracular,now 1:5.45-3build1 amd64 [installed,automatic]
libmagic1t64/oracular,now 1:5.45-3build1 amd64 [installed,automatic]
libmailtools-perl/oracular,now 2.21-3 all [installed,automatic]
libmanette-0.2-0/oracular,now 0.2.9-1 amd64 [installed,automatic]
libmbim-glib4/oracular,now 1.31.2-0ubuntu4 amd64 [installed,automatic]
libmbim-proxy/oracular,now 1.31.2-0ubuntu4 amd64 [installed,automatic]
libmbim-utils/oracular,now 1.31.2-0ubuntu4 amd64 [installed,automatic]
libmd0/oracular,now 1.1.0-2build2 amd64 [installed]
libmd4c0/oracular,now 0.4.8-1build1 amd64 [installed,automatic]
libmessaging-menu0/oracular,now 24.5.0-1 amd64 [installed,automatic]
libmm-glib0/oracular,now 1.23.4-0ubuntu2 amd64 [installed,automatic]
libmnl0/oracular,now 1.0.5-2build1 amd64 [installed]
libmount1/oracular,now 2.40.2-1ubuntu1 amd64 [installed]
libmp3lame0/oracular,now 3.100-6build1 amd64 [installed,automatic]
libmpc3/oracular,now 1.3.1-1build2 amd64 [installed,automatic]
libmpfr6/oracular,now 4.2.1-1build2 amd64 [installed,automatic]
libmpg123-0t64/oracular,now 1.32.7-1 amd64 [installed,automatic]
libmsgraph-0-1/oracular,now 0.2.3-1 amd64 [installed,automatic]
libmtdev1t64/oracular,now 1.1.6-1.2 amd64 [installed,automatic]
libmtp-common/oracular,now 1.1.21-3.1build1 all [installed,automatic]
libmtp-runtime/oracular,now 1.1.21-3.1build1 amd64 [installed,automatic]
libmtp9t64/oracular,now 1.1.21-3.1build1 amd64 [installed,automatic]
libncurses6/oracular,now 6.5-2 amd64 [installed,automatic]
libncursesw6/oracular,now 6.5-2 amd64 [installed]
libndp0/oracular,now 1.9-1 amd64 [installed,automatic]
libnet-dbus-perl/oracular,now 1.2.0-2build3 amd64 [installed,automatic]
libnet-http-perl/oracular,now 6.23-1 all [installed,automatic]
libnet-smtp-ssl-perl/oracular,now 1.04-2 all [installed,automatic]
libnet-ssleay-perl/oracular,now 1.94-1build4 amd64 [installed,automatic]
libnetfilter-conntrack3/oracular,now 1.0.9-6build1 amd64 [installed,automatic]
libnetplan1/oracular,now 1.1-1 amd64 [installed]
libnettle8t64/oracular,now 3.10-1 amd64 [installed]
libnewt0.52/oracular,now 0.52.24-2ubuntu3 amd64 [installed]
libnfnetlink0/oracular,now 1.0.2-3 amd64 [installed,automatic]
libnfs14/oracular,now 5.0.2-1build1 amd64 [installed,automatic]
libnftables1/oracular,now 1.1.0-2 amd64 [installed,automatic]
libnftnl11/oracular,now 1.2.7-1 amd64 [installed,automatic]
libnghttp2-14/oracular,now 1.62.1-2 amd64 [installed,automatic]
libnl-3-200/oracular,now 3.7.0-0.3build2 amd64 [installed,automatic]
libnl-genl-3-200/oracular,now 3.7.0-0.3build2 amd64 [installed,automatic]
libnl-route-3-200/oracular,now 3.7.0-0.3build2 amd64 [installed,automatic]
libnm0/oracular,now 1.48.8-1ubuntu3 amd64 [installed,automatic]
libnma-common/oracular,now 1.10.6-5 all [installed,automatic]
libnma0/oracular,now 1.10.6-5 amd64 [installed,automatic]
libnotify-bin/oracular,now 0.8.3-1build2 amd64 [installed,automatic]
libnotify4/oracular,now 0.8.3-1build2 amd64 [installed,automatic]
libnpth0t64/oracular,now 1.6-3.1build1 amd64 [installed]
libnsl2/oracular,now 1.3.0-3build3 amd64 [installed,automatic]
libnspr4/oracular,now 2:4.35-1.1ubuntu1 amd64 [installed,automatic]
libnss-mdns/oracular,now 0.15.1-4build1 amd64 [installed,automatic]
libnss-systemd/oracular,now 256.5-2ubuntu3 amd64 [installed]
libnss3/oracular,now 2:3.103-1 amd64 [installed,automatic]
libntfs-3g89t64/oracular,now 1:2022.10.3-1.2ubuntu3 amd64 [installed,automatic]
libnuma1/oracular,now 2.0.18-1build1 amd64 [installed,automatic]
libnvme1t64/oracular,now 1.10-1 amd64 [installed,automatic]
libogg0/oracular,now 1.3.5-3build1 amd64 [installed,automatic]
libonig5/oracular,now 6.9.9-1build1 amd64 [installed,automatic]
libopengl0/oracular,now 1.7.0-1build1 amd64 [installed,automatic]
libopenjp2-7/oracular,now 2.5.0-2ubuntu1 amd64 [installed,automatic]
libopus0/oracular,now 1.5.2-2 amd64 [installed,automatic]
liborc-0.4-0t64/oracular,now 1:0.4.40-1 amd64 [installed,automatic]
libp11-kit0/oracular,now 0.25.5-2ubuntu1 amd64 [installed]
libpackagekit-glib2-18/oracular,now 1.3.0-1 amd64 [installed,automatic]
libpam-cap/oracular,now 1:2.66-5ubuntu3 amd64 [installed]
libpam-gnome-keyring/oracular,now 46.2-1 amd64 [installed,automatic]
libpam-modules-bin/oracular,now 1.5.3-7ubuntu2 amd64 [installed]
libpam-modules/oracular,now 1.5.3-7ubuntu2 amd64 [installed]
libpam-runtime/oracular,now 1.5.3-7ubuntu2 all [installed]
libpam-systemd/oracular,now 256.5-2ubuntu3 amd64 [installed]
libpam0g/oracular,now 1.5.3-7ubuntu2 amd64 [installed]
libpango-1.0-0/oracular,now 1.54.0+ds-2 amd64 [installed,automatic]
libpangocairo-1.0-0/oracular,now 1.54.0+ds-2 amd64 [installed,automatic]
libpangoft2-1.0-0/oracular,now 1.54.0+ds-2 amd64 [installed,automatic]
libpangomm-2.48-1t64/oracular,now 2.54.0-1 amd64 [installed,automatic]
libpangoxft-1.0-0/oracular,now 1.54.0+ds-2 amd64 [installed,automatic]
libpaper-utils/oracular,now 1.1.29build1 amd64 [installed,automatic]
libpaper1/oracular,now 1.1.29build1 amd64 [installed,automatic]
libparted2t64/oracular,now 3.6-4build1 amd64 [installed,automatic]
libpcap0.8t64/oracular,now 1.10.5-1ubuntu1 amd64 [installed,automatic]
libpci3/oracular,now 1:3.13.0-1 amd64 [installed,automatic]
libpciaccess0/oracular,now 0.17-3build1 amd64 [installed,automatic]
libpcre2-16-0/oracular,now 10.42-4ubuntu3 amd64 [installed,automatic]
libpcre2-8-0/oracular,now 10.42-4ubuntu3 amd64 [installed]
libpcsclite1/oracular,now 2.3.0-1 amd64 [installed,automatic]
libperl5.38t64/oracular,now 5.38.2-5 amd64 [installed,automatic]
libphonenumber8/oracular,now 8.12.57+ds-4.2build5 amd64 [installed,automatic]
libpipeline1/oracular,now 1.5.7-2 amd64 [installed,automatic]
libpipewire-0.3-0t64/oracular,now 1.2.4-1ubuntu1 amd64 [installed,automatic]
libpipewire-0.3-common/oracular,now 1.2.4-1ubuntu1 all [installed,automatic]
libpipewire-0.3-modules/oracular,now 1.2.4-1ubuntu1 amd64 [installed,automatic]
libpixman-1-0/oracular,now 0.42.2-1build1 amd64 [installed,automatic]
libplist-2.0-4/oracular,now 2.6.0-2 amd64 [installed,automatic]
libplymouth5/oracular,now 24.004.60-1ubuntu10 amd64 [installed,automatic]
libpng16-16t64/oracular,now 1.6.44-1 amd64 [installed,automatic]
libpolkit-agent-1-0/oracular,now 124-2ubuntu1 amd64 [installed,automatic]
libpolkit-gobject-1-0/oracular,now 124-2ubuntu1 amd64 [installed,automatic]
libpoppler-cpp1/oracular,now 24.08.0-1 amd64 [installed,automatic]
libpoppler-glib8t64/oracular,now 24.08.0-1 amd64 [installed,automatic]
libpoppler140/oracular,now 24.08.0-1 amd64 [installed,automatic]
libpopt0/oracular,now 1.19+dfsg-1build1 amd64 [installed]
libppd2-common/oracular,now 2:2.1~b1-0ubuntu2 all [installed,automatic]
libppd2/oracular,now 2:2.1~b1-0ubuntu2 amd64 [installed,automatic]
libproc2-0/oracular,now 2:4.0.4-4ubuntu5 amd64 [installed]
libprotobuf-c1/oracular,now 1.4.1-1ubuntu4 amd64 [installed,automatic]
libprotobuf32t64/oracular,now 3.21.12-9ubuntu1 amd64 [installed,automatic]
libproxy1v5/oracular,now 0.5.8-1 amd64 [installed,automatic]
libpsl5t64/oracular,now 0.21.2-1.1build1 amd64 [installed,automatic]
libpulse-mainloop-glib0/oracular,now 1:16.1+dfsg1-5.1ubuntu1 amd64 [installed,automatic]
libpulse0/oracular,now 1:16.1+dfsg1-5.1ubuntu1 amd64 [installed,automatic]
libpulsedsp/oracular,now 1:16.1+dfsg1-5.1ubuntu1 amd64 [installed,automatic]
libpwquality-common/oracular,now 1.4.5-3build1 all [installed,automatic]
libpwquality1/oracular,now 1.4.5-3build1 amd64 [installed,automatic]
libpython3-stdlib/oracular,now 3.12.6-0ubuntu1 amd64 [installed]
libpython3.12-minimal/oracular,now 3.12.7-1 amd64 [installed]
libpython3.12-stdlib/oracular,now 3.12.7-1 amd64 [installed]
libpython3.12t64/oracular,now 3.12.7-1 amd64 [installed,automatic]
libqmi-glib5/oracular,now 1.35.2-0ubuntu2 amd64 [installed,automatic]
libqmi-proxy/oracular,now 1.35.2-0ubuntu2 amd64 [installed,automatic]
libqmi-utils/oracular,now 1.35.2-0ubuntu2 amd64 [installed,automatic]
libqpdf29t64/oracular,now 11.9.1-1 amd64 [installed,automatic]
libqrtr-glib0/oracular,now 1.2.2-1ubuntu4 amd64 [installed,automatic]
libqt5core5t64/oracular,now 5.15.15+dfsg-1ubuntu1 amd64 [installed,automatic]
libqt5dbus5t64/oracular,now 5.15.15+dfsg-1ubuntu1 amd64 [installed,automatic]
libqt5gui5t64/oracular,now 5.15.15+dfsg-1ubuntu1 amd64 [installed,automatic]
libqt5network5t64/oracular,now 5.15.15+dfsg-1ubuntu1 amd64 [installed,automatic]
libqt5qml5/oracular,now 5.15.15+dfsg-1 amd64 [installed,automatic]
libqt5qmlmodels5/oracular,now 5.15.15+dfsg-1 amd64 [installed,automatic]
libqt5quick5/oracular,now 5.15.15+dfsg-1 amd64 [installed,automatic]
libqt5svg5/oracular,now 5.15.15-1 amd64 [installed,automatic]
libqt5waylandclient5/oracular,now 5.15.15-1 amd64 [installed,automatic]
libqt5waylandcompositor5/oracular,now 5.15.15-1 amd64 [installed,automatic]
libqt5widgets5t64/oracular,now 5.15.15+dfsg-1ubuntu1 amd64 [installed,automatic]
libraqm0/oracular,now 0.10.1-1build1 amd64 [installed,automatic]
librav1e0.7/oracular,now 0.7.1-7 amd64 [installed,automatic]
libraw1394-11/oracular,now 2.1.2-2build3 amd64 [installed,automatic]
libreadline8t64/oracular,now 8.2-5 amd64 [installed]
libroc0.3/oracular,now 0.3.0+dfsg-7ubuntu2 amd64 [installed,automatic]
librsvg2-2/oracular,now 2.59.1+dfsg-1 amd64 [installed,automatic]
librsvg2-common/oracular,now 2.59.1+dfsg-1 amd64 [installed,automatic]
librtmp1/oracular,now 2.4+20151223.gitfa8646d.1-2build7 amd64 [installed,automatic]
libsamplerate0/oracular,now 0.2.2-4build1 amd64 [installed,automatic]
libsane-common/oracular,now 1.3.0-1 all [installed,automatic]
libsane-hpaio/oracular,now 3.24.4+dfsg0-0ubuntu3 amd64 [installed,automatic]
libsane1/oracular,now 1.3.0-1 amd64 [installed,automatic]
libsasl2-2/oracular,now 2.1.28+dfsg1-8 amd64 [installed,automatic]
libsasl2-modules-db/oracular,now 2.1.28+dfsg1-8 amd64 [installed,automatic]
libsasl2-modules/oracular,now 2.1.28+dfsg1-8 amd64 [installed,automatic]
libseccomp2/oracular,now 2.5.5-1ubuntu4 amd64 [installed]
libsecret-1-0/oracular,now 0.21.4-3 amd64 [installed,automatic]
libsecret-common/oracular,now 0.21.4-3 all [installed,automatic]
libselinux1/oracular,now 3.5-2ubuntu5 amd64 [installed]
libsemanage-common/oracular,now 3.5-1build6 all [installed]
libsemanage2/oracular,now 3.5-1build6 amd64 [installed]
libsensors-config/oracular,now 1:3.6.0-10 all [installed,automatic]
libsensors5/oracular,now 1:3.6.0-10 amd64 [installed,automatic]
libsepol2/oracular,now 3.7-1 amd64 [installed]
libsharpyuv0/oracular,now 1.4.0-0.1 amd64 [installed,automatic]
libshine3/oracular,now 3.1.1-2build1 amd64 [installed,automatic]
libshout3/oracular,now 2.4.6-1build2 amd64 [installed,automatic]
libsigc++-3.0-0/oracular,now 3.6.0-2 amd64 [installed,automatic]
libslang2/oracular,now 2.3.3-5 amd64 [installed]
libsm6/oracular,now 2:1.2.3-1build3 amd64 [installed,automatic]
libsmartcols1/oracular,now 2.40.2-1ubuntu1 amd64 [installed]
libsmbclient0/oracular,now 2:4.20.4+dfsg-1ubuntu1 amd64 [installed,automatic]
libsnapd-glib-2-1/oracular,now 1.65-0ubuntu2 amd64 [installed,automatic]
libsnappy1v5/oracular,now 1.2.1-1 amd64 [installed,automatic]
libsndfile1/oracular,now 1.2.2-1ubuntu5 amd64 [installed,automatic]
libsnmp-base/oracular,now 5.9.4+dfsg-1.1ubuntu4 all [installed,automatic]
libsnmp40t64/oracular,now 5.9.4+dfsg-1.1ubuntu4 amd64 [installed,automatic]
libsodium23/oracular,now 1.0.18-1build3 amd64 [installed,automatic]
libsoup-2.4-1/oracular,now 2.74.3-7 amd64 [installed,automatic]
libsoup-3.0-0/oracular,now 3.6.0-2 amd64 [installed,automatic]
libsoup-3.0-common/oracular,now 3.6.0-2 all [installed,automatic]
libsoup2.4-common/oracular,now 2.74.3-7 all [installed,automatic]
libsoxr0/oracular,now 0.1.3-4build3 amd64 [installed,automatic]
libspa-0.2-modules/oracular,now 1.2.4-1ubuntu1 amd64 [installed,automatic]
libspeex1/oracular,now 1.2.1-2ubuntu2 amd64 [installed,automatic]
libspeexdsp1/oracular,now 1.2.1-1ubuntu3 amd64 [installed,automatic]
libsqlite3-0/oracular,now 3.46.1-1 amd64 [installed]
libss2/oracular,now 1.47.1-1ubuntu1 amd64 [installed]
libssh2-1t64/oracular,now 1.11.0-7 amd64 [installed,automatic]
libssl3t64/oracular,now 3.3.1-2ubuntu2 amd64 [installed]
libstartup-notification0/oracular,now 0.12-7ubuntu1 amd64 [installed,automatic]
libstdc++6/oracular,now 14.2.0-4ubuntu2 amd64 [installed]
libstemmer0d/oracular,now 2.2.0-4build1 amd64 [installed,automatic]
libsvtav1enc2/oracular,now 2.1.0+dfsg-2 amd64 [installed,automatic]
libswresample5/oracular,now 7:7.0.2-3ubuntu1 amd64 [installed,automatic]
libsystemd-shared/oracular,now 256.5-2ubuntu3 amd64 [installed]
libsystemd0/oracular,now 256.5-2ubuntu3 amd64 [installed]
libtag1v5-vanilla/oracular,now 1.13.1-1build1 amd64 [installed,automatic]
libtag1v5/oracular,now 1.13.1-1build1 amd64 [installed,automatic]
libtalloc2/oracular,now 2.4.2-1build2 amd64 [installed,automatic]
libtasn1-6/oracular,now 4.19.0-3build1 amd64 [installed]
libtcl8.6/oracular,now 8.6.14+dfsg-1build1 amd64 [installed,automatic]
libtdb1/oracular,now 1.4.12-1 amd64 [installed,automatic]
libteamdctl0/oracular,now 1.31-1build3 amd64 [installed,automatic]
libtevent0t64/oracular,now 0.16.1-3 amd64 [installed,automatic]
libtext-charwidth-perl/oracular,now 0.04-11build3 amd64 [installed]
libtext-iconv-perl/oracular,now 1.7-8build3 amd64 [installed]
libtext-wrapi18n-perl/oracular,now 0.06-10 all [installed]
libthai-data/oracular,now 0.1.29-2build1 all [installed,automatic]
libthai0/oracular,now 0.1.29-2build1 amd64 [installed,automatic]
libtheora0/oracular,now 1.1.1+dfsg.1-17 amd64 [installed,automatic]
libthunarx-3-0/oracular,now 4.19.3-1 amd64 [installed,automatic]
libtie-ixhash-perl/oracular,now 1.23-4 all [installed,automatic]
libtiff6/oracular,now 4.5.1+git230720-4ubuntu4 amd64 [installed,automatic]
libtimedate-perl/oracular,now 2.3300-2 all [installed,automatic]
libtimezonemap-data/oracular,now 0.4.6-7 all [installed,automatic]
libtimezonemap1/oracular,now 0.4.6-7 amd64 [installed,automatic]
libtinfo6/oracular,now 6.5-2 amd64 [installed]
libtirpc-common/oracular,now 1.3.4+ds-1.3 all [installed]
libtirpc3t64/oracular,now 1.3.4+ds-1.3 amd64 [installed]
libtry-tiny-perl/oracular,now 0.31-2 all [installed,automatic]
libtss2-esys-3.0.2-0t64/oracular,now 4.1.3-1ubuntu3 amd64 [installed,automatic]
libtss2-mu-4.0.1-0t64/oracular,now 4.1.3-1ubuntu3 amd64 [installed,automatic]
libtss2-sys1t64/oracular,now 4.1.3-1ubuntu3 amd64 [installed,automatic]
libtss2-tcti-cmd0t64/oracular,now 4.1.3-1ubuntu3 amd64 [installed,automatic]
libtss2-tcti-device0t64/oracular,now 4.1.3-1ubuntu3 amd64 [installed,automatic]
libtss2-tcti-mssim0t64/oracular,now 4.1.3-1ubuntu3 amd64 [installed,automatic]
libtss2-tcti-swtpm0t64/oracular,now 4.1.3-1ubuntu3 amd64 [installed,automatic]
libtumbler-1-0t64/oracular,now 4.19.1-1 amd64 [installed,automatic]
libtwolame0/oracular,now 0.4.0-2build3 amd64 [installed,automatic]
libu2f-udev/oracular,now 1.1.10-3.2 all [installed,automatic]
libuchardet0/oracular,now 0.0.8-1build1 amd64 [installed,automatic]
libudev1/oracular,now 256.5-2ubuntu3 amd64 [installed]
libudisks2-0/oracular,now 2.10.1-9ubuntu2 amd64 [installed,automatic]
libunistring5/oracular,now 1.2-1 amd64 [installed]
libunity-control-center1/oracular,now 15.04.0+23.04.20230220-0ubuntu8 amd64 [installed,automatic]
libunity-gtk2-parser0/oracular,now 0.0.0+18.04.20171202-0ubuntu7 amd64 [installed,automatic]
libunity-gtk3-parser0/oracular,now 0.0.0+18.04.20171202-0ubuntu7 amd64 [installed,automatic]
libunity-settings-daemon1/oracular,now 15.04.1+21.10.20220802-0ubuntu5 amd64 [installed,automatic]
libunwind8/oracular,now 1.6.2-3.1 amd64 [installed,automatic]
libupower-glib3/oracular,now 1.90.5-1 amd64 [installed,automatic]
liburi-perl/oracular,now 5.28-1 all [installed,automatic]
libusb-1.0-0/oracular,now 2:1.0.27-1 amd64 [installed,automatic]
libusbmuxd6/oracular,now 2.0.2-4build3 amd64 [installed,automatic]
libutempter0/oracular,now 1.2.1-3build1 amd64 [installed,automatic]
libuuid-perl/oracular,now 0.36-1 amd64 [installed,automatic]
libuuid1/oracular,now 2.40.2-1ubuntu1 amd64 [installed]
libuv1t64/oracular,now 1.48.0-5 amd64 [installed,automatic]
libv4l-0t64/oracular,now 1.28.1-1 amd64 [installed,automatic]
libv4lconvert0t64/oracular,now 1.28.1-1 amd64 [installed,automatic]
libva-drm2/oracular,now 2.22.0-1 amd64 [installed,automatic]
libva-x11-2/oracular,now 2.22.0-1 amd64 [installed,automatic]
libva2/oracular,now 2.22.0-1 amd64 [installed,automatic]
libvdpau1/oracular,now 1.5-3 amd64 [installed,automatic]
libvisual-0.4-0/oracular,now 0.4.2-2build1 amd64 [installed,automatic]
libvolume-key1/oracular,now 0.3.12-8 amd64 [installed,automatic]
libvorbis0a/oracular,now 1.3.7-2 amd64 [installed,automatic]
libvorbisenc2/oracular,now 1.3.7-2 amd64 [installed,automatic]
libvorbisfile3/oracular,now 1.3.7-2 amd64 [installed,automatic]
libvpl2/oracular,now 1:2.13.0-1 amd64 [installed,automatic]
libvpx9/oracular,now 1.14.1-1ubuntu1 amd64 [installed,automatic]
libvte-2.91-0/oracular,now 0.78.0-1 amd64 [installed,automatic]
libvte-2.91-common/oracular,now 0.78.0-1 amd64 [installed,automatic]
libvulkan1/oracular,now 1.3.290.0-1 amd64 [installed,automatic]
libwacom-common/oracular,now 2.13.0-1 all [installed,automatic]
libwacom9/oracular,now 2.13.0-1 amd64 [installed,automatic]
libwavpack1/oracular,now 5.7.0-1 amd64 [installed,automatic]
libwayland-client0/oracular,now 1.23.0-1 amd64 [installed,automatic]
libwayland-cursor0/oracular,now 1.23.0-1 amd64 [installed,automatic]
libwayland-egl1/oracular,now 1.23.0-1 amd64 [installed,automatic]
libwayland-server0/oracular,now 1.23.0-1 amd64 [installed,automatic]
libwbclient0/oracular,now 2:4.20.4+dfsg-1ubuntu1 amd64 [installed,automatic]
libwebkit2gtk-4.1-0/oracular,now 2.46.1-0ubuntu1 amd64 [installed,automatic]
libwebp7/oracular,now 1.4.0-0.1 amd64 [installed,automatic]
libwebpdemux2/oracular,now 1.4.0-0.1 amd64 [installed,automatic]
libwebpmux3/oracular,now 1.4.0-0.1 amd64 [installed,automatic]
libwebrtc-audio-processing-1-3/oracular,now 1.3-0ubuntu4 amd64 [installed,automatic]
libwhoopsie-preferences0/oracular,now 23build3 amd64 [installed,automatic]
libwhoopsie0/oracular,now 0.2.78 amd64 [installed,automatic]
libwireplumber-0.5-0/oracular,now 0.5.6-1ubuntu1 amd64 [installed,automatic]
libwnck-3-0/oracular,now 43.0-3build4 amd64 [installed,automatic]
libwnck-3-common/oracular,now 43.0-3build4 all [installed,automatic]
libwoff1/oracular,now 1.0.2-2build1 amd64 [installed,automatic]
libwrap0/oracular,now 7.6.q-33 amd64 [installed,automatic]
libwww-perl/oracular,now 6.77-1 all [installed,automatic]
libwww-robotrules-perl/oracular,now 6.02-1 all [installed,automatic]
libx11-6/oracular,now 2:1.8.7-1build1 amd64 [installed,automatic]
libx11-data/oracular,now 2:1.8.7-1build1 all [installed,automatic]
libx11-protocol-perl/oracular,now 0.56-9 all [installed,automatic]
libx11-xcb1/oracular,now 2:1.8.7-1build1 amd64 [installed,automatic]
libx264-164/oracular,now 2:0.164.3108+git31e19f9-2build1 amd64 [installed,automatic]
libx265-209/oracular,now 3.6-3 amd64 [installed,automatic]
libxapian30/oracular,now 1.4.25-1 amd64 [installed,automatic]
libxatracker2/oracular,now 24.2.3-1ubuntu1 amd64 [installed,automatic]
libxau6/oracular,now 1:1.0.9-1build6 amd64 [installed,automatic]
libxaw7/oracular,now 2:1.0.14-1build2 amd64 [installed,automatic]
libxcb-damage0/oracular,now 1.17.0-2 amd64 [installed,automatic]
libxcb-dri2-0/oracular,now 1.17.0-2 amd64 [installed,automatic]
libxcb-dri3-0/oracular,now 1.17.0-2 amd64 [installed,automatic]
libxcb-glx0/oracular,now 1.17.0-2 amd64 [installed,automatic]
libxcb-icccm4/oracular,now 0.4.1-1.1build3 amd64 [installed,automatic]
libxcb-image0/oracular,now 0.4.0-2build1 amd64 [installed,automatic]
libxcb-keysyms1/oracular,now 0.4.0-1build4 amd64 [installed,automatic]
libxcb-present0/oracular,now 1.17.0-2 amd64 [installed,automatic]
libxcb-randr0/oracular,now 1.17.0-2 amd64 [installed,automatic]
libxcb-render-util0/oracular,now 0.3.9-1build4 amd64 [installed,automatic]
libxcb-render0/oracular,now 1.17.0-2 amd64 [installed,automatic]
libxcb-shape0/oracular,now 1.17.0-2 amd64 [installed,automatic]
libxcb-shm0/oracular,now 1.17.0-2 amd64 [installed,automatic]
libxcb-sync1/oracular,now 1.17.0-2 amd64 [installed,automatic]
libxcb-util1/oracular,now 0.4.0-1build3 amd64 [installed,automatic]
libxcb-xfixes0/oracular,now 1.17.0-2 amd64 [installed,automatic]
libxcb-xinerama0/oracular,now 1.17.0-2 amd64 [installed,automatic]
libxcb-xinput0/oracular,now 1.17.0-2 amd64 [installed,automatic]
libxcb-xkb1/oracular,now 1.17.0-2 amd64 [installed,automatic]
libxcb1/oracular,now 1.17.0-2 amd64 [installed,automatic]
libxcomposite1/oracular,now 1:0.4.5-1build3 amd64 [installed,automatic]
libxcursor1/oracular,now 1:1.2.2-1 amd64 [installed,automatic]
libxcvt0/oracular,now 0.1.2-1build1 amd64 [installed,automatic]
libxdamage1/oracular,now 1:1.1.6-1build1 amd64 [installed,automatic]
libxdmcp6/oracular,now 1:1.1.3-0ubuntu6 amd64 [installed,automatic]
libxext6/oracular,now 2:1.3.4-1build2 amd64 [installed,automatic]
libxfce4panel-2.0-4/oracular,now 4.19.3-1 amd64 [installed,automatic]
libxfce4ui-2-0/oracular,now 4.19.5-1 amd64 [installed,automatic]
libxfce4ui-common/oracular,now 4.19.5-1 all [installed,automatic]
libxfce4ui-utils/oracular,now 4.19.5-1 amd64 [installed,automatic]
libxfce4util-bin/oracular,now 4.19.3-1 amd64 [installed,automatic]
libxfce4util-common/oracular,now 4.19.3-1 all [installed,automatic]
libxfce4util7/oracular,now 4.19.3-1 amd64 [installed,automatic]
libxfce4windowing-0-0/oracular,now 4.19.4-1 amd64 [installed,automatic]
libxfce4windowing-common/oracular,now 4.19.4-1 all [installed,automatic]
libxfconf-0-3/oracular,now 4.19.2-1 amd64 [installed,automatic]
libxfixes3/oracular,now 1:6.0.0-2build1 amd64 [installed,automatic]
libxfont2/oracular,now 1:2.0.6-1build1 amd64 [installed,automatic]
libxft2/oracular,now 2.3.6-1build1 amd64 [installed,automatic]
libxi6/oracular,now 2:1.8.2-1 amd64 [installed,automatic]
libxinerama1/oracular,now 2:1.1.4-3build1 amd64 [installed,automatic]
libxkbcommon-x11-0/oracular,now 1.6.0-1build1 amd64 [installed,automatic]
libxkbcommon0/oracular,now 1.6.0-1build1 amd64 [installed,automatic]
libxkbfile1/oracular,now 1:1.1.0-1build4 amd64 [installed,automatic]
libxkbregistry0/oracular,now 1.6.0-1build1 amd64 [installed,automatic]
libxklavier16/oracular,now 5.4-5build2 amd64 [installed,automatic]
libxml-parser-perl/oracular,now 2.47-1build3 amd64 [installed,automatic]
libxml-twig-perl/oracular,now 1:3.52-3 all [installed,automatic]
libxml-xpathengine-perl/oracular,now 0.14-2 all [installed,automatic]
libxml2/oracular,now 2.12.7+dfsg-3 amd64 [installed]
libxmlb2/oracular,now 0.3.19-1 amd64 [installed,automatic]
libxmu6/oracular,now 2:1.1.3-3build2 amd64 [installed,automatic]
libxmuu1/oracular,now 2:1.1.3-3build2 amd64 [installed,automatic]
libxpm4/oracular,now 1:3.5.17-1build2 amd64 [installed,automatic]
libxpresent1/oracular,now 1.0.1-1 amd64 [installed,automatic]
libxrandr2/oracular,now 2:1.5.4-1 amd64 [installed,automatic]
libxrender1/oracular,now 1:0.9.10-1.1build1 amd64 [installed,automatic]
libxres1/oracular,now 2:1.2.1-1build1 amd64 [installed,automatic]
libxshmfence1/oracular,now 1.3-1build5 amd64 [installed,automatic]
libxslt1.1/oracular,now 1.1.39-0exp1ubuntu1 amd64 [installed,automatic]
libxss1/oracular,now 1:1.2.3-1build3 amd64 [installed,automatic]
libxt6t64/oracular,now 1:1.2.1-1.2build1 amd64 [installed,automatic]
libxtables12/oracular,now 1.8.10-3ubuntu2 amd64 [installed]
libxtst6/oracular,now 2:1.2.3-1.1build1 amd64 [installed,automatic]
libxv1/oracular,now 2:1.0.11-1.1build1 amd64 [installed,automatic]
libxvidcore4/oracular,now 2:1.3.7-1build1 amd64 [installed,automatic]
libxvmc1/oracular,now 2:1.0.12-2build3 amd64 [installed,automatic]
libxxf86dga1/oracular,now 2:1.1.5-1build1 amd64 [installed,automatic]
libxxf86vm1/oracular,now 1:1.1.4-1build4 amd64 [installed,automatic]
libxxhash0/oracular,now 0.8.2-2build1 amd64 [installed]
libyaml-0-2/oracular,now 0.2.5-1build1 amd64 [installed]
libyaml-tiny-perl/oracular,now 1.74-1 all [installed,automatic]
libyelp0/oracular,now 42.2-1build2 amd64 [installed,automatic]
libzeitgeist-2.0-0/oracular,now 1.0.4-5ubuntu5 amd64 [installed,automatic]
libzstd1/oracular,now 1.5.6+dfsg-1 amd64 [installed]
libzvbi-common/oracular,now 0.2.42-2 all [installed,automatic]
libzvbi0t64/oracular,now 0.2.42-2 amd64 [installed,automatic]
lightdm-gtk-greeter/oracular,now 2.0.9-0ubuntu3 amd64 [installed,automatic]
lightdm/oracular,now 1.30.0-0ubuntu14 amd64 [installed,automatic]
linux-base/oracular,now 4.5ubuntu9 all [installed,automatic]
linux-sound-base/oracular,now 1.0.25+dfsg-0ubuntu7 all [installed,automatic]
locales/oracular,now 2.40-1ubuntu3 all [installed]
login/oracular,now 1:4.15.3-3ubuntu2 amd64 [installed]
logrotate/oracular,now 3.22.0-1 amd64 [installed]
logsave/oracular,now 1.47.1-1ubuntu1 amd64 [installed]
lsb-release/oracular,now 12.1-1 all [installed]
lsof/oracular,now 4.95.0-1.1 amd64 [installed,automatic]
luit/oracular,now 2.0.20221028-1 amd64 [installed,automatic]
man-db/oracular,now 2.12.1-3 amd64 [installed,automatic]
mate-polkit-common/oracular,now 1.26.1-4build3 all [installed,automatic]
mate-polkit/oracular,now 1.26.1-4build3 amd64 [installed,automatic]
mawk/oracular,now 1.3.4.20240622-2 amd64 [installed]
media-types/oracular,now 10.1.0 all [installed]
memtest86+/oracular,now 7.00-1build1 amd64 [installed,automatic]
mesa-libgallium/oracular,now 24.2.3-1ubuntu1 amd64 [installed,automatic]
mesa-va-drivers/oracular,now 24.2.3-1ubuntu1 amd64 [installed,automatic]
mesa-vdpau-drivers/oracular,now 24.2.3-1ubuntu1 amd64 [installed,automatic]
mesa-vulkan-drivers/oracular,now 24.2.3-1ubuntu1 amd64 [installed,automatic]
mobile-broadband-provider-info/oracular,now 20240407-1 all [installed,automatic]
modemmanager/oracular,now 1.23.4-0ubuntu2 amd64 [installed,automatic]
mount/oracular,now 2.40.2-1ubuntu1 amd64 [installed]
mousetweaks/oracular,now 3.32.0-4build2 amd64 [installed,automatic]
mozc-data/oracular,now 2.28.4715.102+dfsg-2.3 all [installed,automatic]
mozc-server/oracular,now 2.28.4715.102+dfsg-2.3 amd64 [installed,automatic]
mozc-utils-gui/oracular,now 2.28.4715.102+dfsg-2.3 amd64 [installed]
mscompress/oracular,now 0.4-10build1 amd64 [installed,automatic]
nautilus-data/oracular,now 1:47.0-1ubuntu1 all [installed,automatic]
ncurses-base/oracular,now 6.5-2 all [installed]
ncurses-bin/oracular,now 6.5-2 amd64 [installed]
ncurses-term/oracular,now 6.5-2 all [installed,automatic]
netbase/oracular,now 6.4 all [installed]
netcat-openbsd/oracular,now 1.226-1.1 amd64 [installed]
netplan-generator/oracular,now 1.1-1 amd64 [installed]
netplan.io/oracular,now 1.1-1 amd64 [installed]
network-manager-gnome/oracular,now 1.36.0-1ubuntu1 amd64 [installed,automatic]
network-manager-pptp/oracular,now 1.2.12-4 amd64 [installed,automatic]
network-manager/oracular,now 1.48.8-1ubuntu3 amd64 [installed,automatic]
networkd-dispatcher/oracular,now 2.2.4-1.1 all [installed]
notification-daemon/oracular,now 3.20.0-4build3 amd64 [installed,automatic]
ntfs-3g/oracular,now 1:2022.10.3-1.2ubuntu3 amd64 [installed,automatic]
numix-gtk-theme/oracular,now 2.6.7-7 all [installed,automatic]
numlockx/oracular,now 1.2-9build1 amd64 [installed,automatic]
ocl-icd-libopencl1/oracular,now 2.3.2-1build1 amd64 [installed,automatic]
openprinting-ppds/oracular,now 20240813-0ubuntu1 all [installed,automatic]
openssh-client/oracular,now 1:9.7p1-7ubuntu4 amd64 [installed]
openssh-server/oracular,now 1:9.7p1-7ubuntu4 amd64 [installed]
openssh-sftp-server/oracular,now 1:9.7p1-7ubuntu4 amd64 [installed,automatic]
openssl/oracular,now 3.3.1-2ubuntu2 amd64 [installed]
os-prober/oracular,now 1.83ubuntu1 amd64 [installed,automatic]
p11-kit-modules/oracular,now 0.25.5-2ubuntu1 amd64 [installed,automatic]
p11-kit/oracular,now 0.25.5-2ubuntu1 amd64 [installed,automatic]
packagekit-tools/oracular,now 1.3.0-1 amd64 [installed,automatic]
packagekit/oracular,now 1.3.0-1 amd64 [installed,automatic]
parted/oracular,now 3.6-4build1 amd64 [installed,automatic]
passwd/oracular,now 1:4.15.3-3ubuntu2 amd64 [installed]
pavucontrol/oracular,now 6.0-1 amd64 [installed,automatic]
pci.ids/oracular,now 0.0~2024.09.12-1 all [installed,automatic]
pciutils/oracular,now 1:3.13.0-1 amd64 [installed,automatic]
pcmciautils/oracular,now 018-18 amd64 [installed,automatic]
perl-base/oracular,now 5.38.2-5 amd64 [installed]
perl-modules-5.38/oracular,now 5.38.2-5 all [installed,automatic]
perl-openssl-defaults/oracular,now 7build3 amd64 [installed,automatic]
perl/oracular,now 5.38.2-5 amd64 [installed,automatic]
pinentry-curses/oracular,now 1.2.1-3ubuntu5 amd64 [installed,automatic]
pinentry-gnome3/oracular,now 1.2.1-3ubuntu5 amd64 [installed,automatic]
pipewire-bin/oracular,now 1.2.4-1ubuntu1 amd64 [installed,automatic]
pipewire-pulse/oracular,now 1.2.4-1ubuntu1 amd64 [installed,automatic]
pipewire/oracular,now 1.2.4-1ubuntu1 amd64 [installed,automatic]
pkexec/oracular,now 124-2ubuntu1 amd64 [installed,automatic]
plymouth-label/oracular,now 24.004.60-1ubuntu10 amd64 [installed,automatic]
plymouth-theme-ubuntu-text/oracular,now 24.004.60-1ubuntu10 amd64 [installed,automatic]
plymouth-theme-xubuntu-logo/oracular,now 24.10.1 all [installed,automatic]
plymouth-theme-xubuntu-text/oracular,now 24.10.1 all [installed,automatic]
plymouth/oracular,now 24.004.60-1ubuntu10 amd64 [installed,automatic]
policykit-1-gnome/oracular,now 0.105-7ubuntu5 amd64 [installed,automatic]
policykit-1/oracular,now 124-2ubuntu1 amd64 [installed,automatic]
policykit-desktop-privileges/oracular,now 0.22 all [installed,automatic]
polkitd/oracular,now 124-2ubuntu1 amd64 [installed,automatic]
poppler-data/oracular,now 0.4.12-1 all [installed,automatic]
poppler-utils/oracular,now 24.08.0-1 amd64 [installed,automatic]
ppp/oracular,now 2.5.0-1+2ubuntu1 amd64 [installed,automatic]
pptp-linux/oracular,now 1.10.0-1build4 amd64 [installed,automatic]
printer-driver-brlaser/oracular,now 6-3build2 amd64 [installed,automatic]
printer-driver-c2esp/oracular,now 27-11ubuntu7 amd64 [installed,automatic]
printer-driver-foo2zjs-common/oracular,now 20200505dfsg0-2ubuntu6 all [installed,automatic]
printer-driver-foo2zjs/oracular,now 20200505dfsg0-2ubuntu6 amd64 [installed,automatic]
printer-driver-hpcups/oracular,now 3.24.4+dfsg0-0ubuntu3 amd64 [installed,automatic]
printer-driver-m2300w/oracular,now 0.51-15build2 amd64 [installed,automatic]
printer-driver-min12xxw/oracular,now 0.0.9-11build3 amd64 [installed,automatic]
printer-driver-pnm2ppa/oracular,now 1.13+nondbs-0ubuntu10 amd64 [installed,automatic]
printer-driver-postscript-hp/oracular,now 3.24.4+dfsg0-0ubuntu3 amd64 [installed,automatic]
printer-driver-ptouch/oracular,now 1.7-1build2 amd64 [installed,automatic]
printer-driver-pxljr/oracular,now 1.4+repack0-6build2 amd64 [installed,automatic]
printer-driver-sag-gdi/oracular,now 0.1-8 all [installed,automatic]
printer-driver-splix/oracular,now 2.0.1-0ubuntu1 amd64 [installed,automatic]
procps/oracular,now 2:4.0.4-4ubuntu5 amd64 [installed]
psmisc/oracular,now 23.7-1build1 amd64 [installed,automatic]
publicsuffix/oracular,now 20231001.0357-0.1 all [installed,automatic]
pulseaudio-utils/oracular,now 1:16.1+dfsg1-5.1ubuntu1 amd64 [installed,automatic]
pulseaudio/oracular,now 1:16.1+dfsg1-5.1ubuntu1 amd64 [installed,automatic]
python-apt-common/oracular,now 2.9.0ubuntu1 all [installed]
python-babel-localedata/oracular,now 2.14.0-1 all [installed,automatic]
python3-apport/oracular,now 2.30.0-0ubuntu4 all [installed,automatic]
python3-apt/oracular,now 2.9.0ubuntu1 amd64 [installed]
python3-attr/oracular,now 23.2.0-2 all [installed,automatic]
python3-autocommand/oracular,now 2.2.2-3 all [installed,automatic]
python3-babel/oracular,now 2.14.0-1 all [installed,automatic]
python3-blinker/oracular,now 1.8.2-1 all [installed,automatic]
python3-cairo/oracular,now 1.26.1-2 amd64 [installed,automatic]
python3-certifi/oracular,now 2024.6.2-1 all [installed,automatic]
python3-cffi-backend/oracular,now 1.17.1-1 amd64 [installed]
python3-chardet/oracular,now 5.2.0+dfsg-1 all [installed,automatic]
python3-click/oracular,now 8.1.7-2 all [installed,automatic]
python3-colorama/oracular,now 0.4.6-4 all [installed,automatic]
python3-configobj/oracular,now 5.0.8-3 all [installed,automatic]
python3-cryptography/oracular,now 42.0.5-2build1 amd64 [installed,automatic]
python3-cups/oracular,now 2.0.4-1 amd64 [installed,automatic]
python3-cupshelpers/oracular,now 1.5.18-3ubuntu1 all [installed,automatic]
python3-dateutil/oracular,now 2.9.0-2 all [installed,automatic]
python3-dbus/oracular,now 1.3.2-5build3 amd64 [installed]
python3-debconf/oracular,now 1.5.86ubuntu1 all [installed,automatic]
python3-distro-info/oracular,now 1.9 all [installed,automatic]
python3-distro/oracular,now 1.9.0-1 all [installed,automatic]
python3-gi/oracular,now 3.48.2-1 amd64 [installed]
python3-httplib2/oracular,now 0.22.0-1 all [installed,automatic]
python3-ibus-1.0/oracular,now 1.5.30-1 all [installed,automatic]
python3-idna/oracular,now 3.6-2.1 all [installed,automatic]
python3-inflect/oracular,now 7.3.1-2 all [installed,automatic]
python3-jaraco.context/oracular,now 6.0.0-1 all [installed,automatic]
python3-jaraco.functools/oracular,now 4.0.2-1 all [installed,automatic]
python3-jinja2/oracular,now 3.1.3-1ubuntu1 all [installed,automatic]
python3-json-pointer/oracular,now 2.0-0ubuntu1 all [installed,automatic]
python3-jsonpatch/oracular,now 1.32-3 all [installed,automatic]
python3-jsonschema-specifications/oracular,now 2023.12.1-1ubuntu1 all [installed,automatic]
python3-jsonschema/oracular,now 4.19.2-3ubuntu1 all [installed,automatic]
python3-jwt/oracular,now 2.7.0-1 all [installed,automatic]
python3-launchpadlib/oracular,now 2.0.0-1 all [installed,automatic]
python3-lazr.restfulclient/oracular,now 0.14.6-1 all [installed,automatic]
python3-lazr.uri/oracular,now 1.0.6-3 all [installed,automatic]
python3-markdown-it/oracular,now 3.0.0-2 all [installed]
python3-markupsafe/oracular,now 2.1.5-1build2 amd64 [installed,automatic]
python3-mdurl/oracular,now 0.1.2-1 all [installed]
python3-minimal/oracular,now 3.12.6-0ubuntu1 amd64 [installed]
python3-more-itertools/oracular,now 10.3.0-1 all [installed,automatic]
python3-netifaces/oracular,now 0.11.0-2build3 amd64 [installed]
python3-netplan/oracular,now 1.1-1 amd64 [installed]
python3-oauthlib/oracular,now 3.2.2-1 all [installed,automatic]
python3-olefile/oracular,now 0.46-3 all [installed,automatic]
python3-pexpect/oracular,now 4.9-2 all [installed,automatic]
python3-pil/oracular,now 10.4.0-1ubuntu1 amd64 [installed,automatic]
python3-pkg-resources/oracular,now 74.1.2-1 all [installed]
python3-problem-report/oracular,now 2.30.0-0ubuntu4 all [installed,automatic]
python3-ptyprocess/oracular,now 0.7.0-5 all [installed,automatic]
python3-pygments/oracular,now 2.18.0+dfsg-1ubuntu1 all [installed]
python3-pyparsing/oracular,now 3.1.2-1 all [installed,automatic]
python3-referencing/oracular,now 0.35.1-1ubuntu1 all [installed,automatic]
python3-requests/oracular,now 2.32.3+dfsg-1ubuntu1 all [installed,automatic]
python3-rich/oracular,now 13.7.1-1 all [installed]
python3-rpds-py/oracular,now 0.20.0-0ubuntu3 amd64 [installed,automatic]
python3-serial/oracular,now 3.5-2 all [installed,automatic]
python3-six/oracular,now 1.16.0-7 all [installed,automatic]
python3-software-properties/oracular,now 0.102 all [installed,automatic]
python3-systemd/oracular,now 235-1build4 amd64 [installed,automatic]
python3-typeguard/oracular,now 4.3.0-1 all [installed,automatic]
python3-typing-extensions/oracular,now 4.12.2-2 all [installed]
python3-tz/oracular,now 2024.1-2 all [installed,automatic]
python3-urllib3/oracular,now 2.0.7-2 all [installed,automatic]
python3-wadllib/oracular,now 1.3.6-5 all [installed,automatic]
python3-xdg/oracular,now 0.28-2 all [installed,automatic]
python3-xkit/oracular,now 0.5.0ubuntu6 all [installed,automatic]
python3-yaml/oracular,now 6.0.2-1 amd64 [installed]
python3.12-minimal/oracular,now 3.12.7-1 amd64 [installed]
python3.12/oracular,now 3.12.7-1 amd64 [installed]
python3/oracular,now 3.12.6-0ubuntu1 amd64 [installed]
qt5-gtk-platformtheme/oracular,now 5.15.15+dfsg-1ubuntu1 amd64 [installed,automatic]
qttranslations5-l10n/oracular,now 5.15.15-1 all [installed,automatic]
qtwayland5/oracular,now 5.15.15-1 amd64 [installed,automatic]
readline-common/oracular,now 8.2-5 all [installed]
rfkill/oracular,now 2.40.2-1ubuntu1 amd64 [installed,automatic]
rsyslog/oracular,now 8.2406.0-1ubuntu2 amd64 [installed]
rtkit/oracular,now 0.13-5.1 amd64 [installed,automatic]
samba-libs/oracular,now 2:4.20.4+dfsg-1ubuntu1 amd64 [installed,automatic]
sane-airscan/oracular,now 0.99.29-0ubuntu4 amd64 [installed,automatic]
sane-utils/oracular,now 1.3.0-1 amd64 [installed,automatic]
sbsigntool/oracular,now 0.9.4-3.1ubuntu7 amd64 [installed,automatic]
secureboot-db/oracular,now 1.9build1 amd64 [installed,automatic]
sed/oracular,now 4.9-2build1 amd64 [installed]
sensible-utils/oracular,now 0.0.24 all [installed]
session-migration/oracular,now 0.3.9build1 amd64 [installed,automatic]
sgml-base/oracular,now 1.31 all [installed,automatic]
sgml-data/oracular,now 2.0.11+nmu1 all [installed,automatic]
shared-mime-info/oracular,now 2.4-5 amd64 [installed]
shimmer-themes/oracular,now 2.1.3build1 all [installed,automatic]
snapd/oracular,now 2.65.3+24.10 amd64 [installed,automatic]
software-properties-common/oracular,now 0.102 all [installed,automatic]
software-properties-gtk/oracular,now 0.102 all [installed,automatic]
sound-theme-freedesktop/oracular,now 0.8-2ubuntu1 all [installed,automatic]
spice-vdagent/oracular,now 0.22.1-4.1 amd64 [installed,automatic]
squashfs-tools/oracular,now 1:4.6.1-1build1 amd64 [installed,automatic]
ssh-import-id/oracular,now 5.11-0ubuntu2 all [installed,automatic]
ssl-cert/oracular,now 1.1.2ubuntu2 all [installed,automatic]
sudo/oracular,now 1.9.15p5-3ubuntu5 amd64 [installed]
synaptic/oracular,now 0.91.3build4 amd64 [installed,automatic]
system-config-printer-common/oracular,now 1.5.18-3ubuntu1 all [installed,automatic]
system-config-printer-udev/oracular,now 1.5.18-3ubuntu1 amd64 [installed,automatic]
system-config-printer/oracular,now 1.5.18-3ubuntu1 all [installed,automatic]
systemd-dev/oracular,now 256.5-2ubuntu3 all [installed]
systemd-hwe-hwdb/oracular,now 256.4.1 all [installed]
systemd-resolved/oracular,now 256.5-2ubuntu3 amd64 [installed]
systemd-sysv/oracular,now 256.5-2ubuntu3 amd64 [installed]
systemd-timesyncd/oracular,now 256.5-2ubuntu3 amd64 [installed]
systemd/oracular,now 256.5-2ubuntu3 amd64 [installed]
sysvinit-utils/oracular,now 3.08-6ubuntu3 amd64 [installed]
tar/oracular,now 1.35+dfsg-3build1 amd64 [installed]
tcl8.6/oracular,now 8.6.14+dfsg-1build1 amd64 [installed,automatic]
tcl/oracular,now 8.6.14build1 amd64 [installed,automatic]
thunar-data/oracular,now 4.19.3-1 all [installed,automatic]
thunar-volman/oracular,now 4.18.0-1build2 amd64 [installed,automatic]
thunar/oracular,now 4.19.3-1 amd64 [installed,automatic]
tpm-udev/oracular,now 0.6+nmu1ubuntu1 all [installed,automatic]
tumbler-common/oracular,now 4.19.1-1 all [installed,automatic]
tumbler/oracular,now 4.19.1-1 amd64 [installed,automatic]
tzdata/oracular,now 2024a-4ubuntu1 all [installed]
ubuntu-advantage-desktop-daemon/oracular,now 1.12 amd64 [installed,automatic]
ubuntu-drivers-common/oracular,now 1:0.9.7.9 amd64 [installed,automatic]
ubuntu-keyring/oracular,now 2023.11.28.1 all [installed]
ubuntu-minimal/oracular,now 1.543 amd64 [installed]
ubuntu-mono/oracular,now 24.04-0ubuntu1 all [installed,automatic]
ubuntu-pro-client-l10n/oracular,now 34.1.2 amd64 [installed]
ubuntu-pro-client/oracular,now 34.1.2 amd64 [installed]
ubuntu-touch-sounds/oracular,now 15.08build1 all [installed,automatic]
ucf/oracular,now 3.0043+nmu1 all [installed]
udev/oracular,now 256.5-2ubuntu3 amd64 [installed]
udisks2/oracular,now 2.10.1-9ubuntu2 amd64 [installed,automatic]
unattended-upgrades/oracular,now 2.9.1+nmu4ubuntu1 all [installed,automatic]
unity-control-center/oracular,now 15.04.0+23.04.20230220-0ubuntu8 amd64 [installed,automatic]
unity-greeter/oracular,now 24.10.1-0ubuntu1 amd64 [installed,automatic]
unity-gtk-module-common/oracular,now 0.0.0+18.04.20171202-0ubuntu7 all [installed,automatic]
unity-gtk2-module/oracular,now 0.0.0+18.04.20171202-0ubuntu7 amd64 [installed,automatic]
unity-gtk3-module/oracular,now 0.0.0+18.04.20171202-0ubuntu7 amd64 [installed,automatic]
unity-settings-daemon-schemas/oracular,now 15.04.1+21.10.20220802-0ubuntu5 all [installed,automatic]
unity-settings-daemon/oracular,now 15.04.1+21.10.20220802-0ubuntu5 amd64 [installed,automatic]
unzip/oracular,now 6.0-28ubuntu6 amd64 [installed,automatic]
update-inetd/oracular,now 4.53 all [installed,automatic]
upower/oracular,now 1.90.5-1 amd64 [installed,automatic]
usb-modeswitch-data/oracular,now 20191128-7 all [installed,automatic]
usb-modeswitch/oracular,now 2.6.1-4ubuntu1 amd64 [installed,automatic]
usb.ids/oracular,now 2024.07.04-1 all [installed,automatic]
usbmuxd/oracular,now 1.1.1-5~exp3ubuntu4 amd64 [installed,automatic]
usbutils/oracular,now 1:017-3build1 amd64 [installed,automatic]
util-linux/oracular,now 2.40.2-1ubuntu1 amd64 [installed]
va-driver-all/oracular,now 2.22.0-1 amd64 [installed,automatic]
vdpau-driver-all/oracular,now 1.5-3 amd64 [installed,automatic]
vim-common/oracular,now 2:9.1.0496-1ubuntu6 all [installed]
vim-runtime/oracular,now 2:9.1.0496-1ubuntu6 all [installed,automatic]
vim-tiny/oracular,now 2:9.1.0496-1ubuntu6 amd64 [installed]
vim/oracular,now 2:9.1.0496-1ubuntu6 amd64 [installed]
wamerican/oracular,now 2020.12.07-2 all [installed,automatic]
wget/oracular,now 1.24.5-1ubuntu2 amd64 [installed,automatic]
whiptail/oracular,now 0.52.24-2ubuntu3 amd64 [installed]
whoopsie-preferences/oracular,now 23build3 amd64 [installed,automatic]
whoopsie/oracular,now 0.2.78 amd64 [installed,automatic]
wireless-regdb/oracular,now 2024.07.04-0ubuntu1 all [installed,automatic]
wireplumber/oracular,now 0.5.6-1ubuntu1 amd64 [installed,automatic]
wpasupplicant/oracular,now 2:2.10-22 amd64 [installed,automatic]
wsdd/oracular,now 2:0.8-2ubuntu3 all [installed,automatic]
x11-apps/oracular,now 7.7+11build3 amd64 [installed,automatic]
x11-common/oracular,now 1:7.7+23ubuntu3 all [installed,automatic]
x11-session-utils/oracular,now 7.7+6build2 amd64 [installed,automatic]
x11-utils/oracular,now 7.7+7 amd64 [installed,automatic]
x11-xkb-utils/oracular,now 7.7+9 amd64 [installed,automatic]
x11-xserver-utils/oracular,now 7.7+10build2 amd64 [installed,automatic]
xauth/oracular,now 1:1.1.2-1build1 amd64 [installed,automatic]
xbitmaps/oracular,now 1.1.1-2.2 all [installed,automatic]
xcape/oracular,now 1.2-3build1 amd64 [installed,automatic]
xcvt/oracular,now 0.1.2-1build1 amd64 [installed,automatic]
xdg-dbus-proxy/oracular,now 0.1.6-1 amd64 [installed,automatic]
xdg-desktop-portal-gtk/oracular,now 1.15.1-1build2 amd64 [installed,automatic]
xdg-desktop-portal/oracular,now 1.18.4-1ubuntu4 amd64 [installed,automatic]
xdg-user-dirs-gtk/oracular,now 0.11-1build2 amd64 [installed,automatic]
xdg-user-dirs/oracular,now 0.18-1build1 amd64 [installed]
xdg-utils/oracular,now 1.2.1-0ubuntu1 all [installed,automatic]
xfce4-appfinder/oracular,now 4.19.2-1 amd64 [installed,automatic]
xfce4-helpers/oracular,now 4.19.2-1ubuntu1 amd64 [installed,automatic]
xfce4-indicator-plugin/oracular,now 2.4.2-1build2 amd64 [installed,automatic]
xfce4-notifyd/oracular,now 0.9.6-1 amd64 [installed,automatic]
xfce4-panel/oracular,now 4.19.3-1 amd64 [installed,automatic]
xfce4-power-manager-data/oracular,now 4.19.3-1 all [installed,automatic]
xfce4-power-manager-plugins/oracular,now 4.19.3-1 amd64 [installed,automatic]
xfce4-power-manager/oracular,now 4.19.3-1 amd64 [installed,automatic]
xfce4-pulseaudio-plugin/oracular,now 0.4.8-1build2 amd64 [installed,automatic]
xfce4-screensaver/oracular,now 4.18.3-1build1 amd64 [installed,automatic]
xfce4-screenshooter/oracular,now 1.11.1-1 amd64 [installed,automatic]
xfce4-session/oracular,now 4.19.2-1 amd64 [installed,automatic]
xfce4-settings/oracular,now 4.19.2-1ubuntu1 amd64 [installed,automatic]
xfce4-terminal/oracular,now 1.1.3-1build1 amd64 [installed,automatic]
xfce4-whiskermenu-plugin/oracular,now 2.8.3-1build2 amd64 [installed,automatic]
xfconf/oracular,now 4.19.2-1 amd64 [installed,automatic]
xfdesktop4-data/oracular,now 4.19.3-1ubuntu1 all [installed,automatic]
xfdesktop4/oracular,now 4.19.3-1ubuntu1 amd64 [installed,automatic]
xfonts-base/oracular,now 1:1.0.5+nmu1 all [installed,automatic]
xfonts-encodings/oracular,now 1:1.0.5-0ubuntu2 all [installed,automatic]
xfonts-scalable/oracular,now 1:1.0.3-1.3 all [installed,automatic]
xfonts-utils/oracular,now 1:7.7+7 amd64 [installed,automatic]
xfwm4/oracular,now 4.18.0-1build3 amd64 [installed,automatic]
xiccd/oracular,now 0.3.0-2build2 amd64 [installed,automatic]
xinit/oracular,now 1.4.2-1 amd64 [installed,automatic]
xinput/oracular,now 1.6.4-1build1 amd64 [installed,automatic]
xkb-data/oracular,now 2.42-1ubuntu1 all [installed]
xml-core/oracular,now 0.19 all [installed,automatic]
xorg-docs-core/oracular,now 1:1.7.1-1.2 all [installed,automatic]
xorg/oracular,now 1:7.7+23ubuntu3 amd64 [installed,automatic]
xorgxrdp/oracular,now 1:0.10.2-1 amd64 [installed,automatic]
xrdp/oracular-proposed,now 0.10.1-2 amd64 [installed]
xserver-common/oracular,now 2:21.1.13-2ubuntu1 all [installed,automatic]
xserver-xorg-core/oracular,now 2:21.1.13-2ubuntu1 amd64 [installed,automatic]
xserver-xorg-input-all/oracular,now 1:7.7+23ubuntu3 amd64 [installed,automatic]
xserver-xorg-input-libinput/oracular,now 1.4.0-1build1 amd64 [installed,automatic]
xserver-xorg-input-wacom/oracular,now 1:1.2.0-1ubuntu2 amd64 [installed,automatic]
xserver-xorg-legacy/oracular,now 2:21.1.13-2ubuntu1 amd64 [installed,automatic]
xserver-xorg-video-all/oracular,now 1:7.7+23ubuntu3 amd64 [installed,automatic]
xserver-xorg-video-amdgpu/oracular,now 23.0.0-1build1 amd64 [installed,automatic]
xserver-xorg-video-ati/oracular,now 1:22.0.0-1build1 amd64 [installed,automatic]
xserver-xorg-video-fbdev/oracular,now 1:0.5.0-2build2 amd64 [installed,automatic]
xserver-xorg-video-intel/oracular,now 2:2.99.917+git20210115-1build1 amd64 [installed,automatic]
xserver-xorg-video-nouveau/oracular,now 1:1.0.17-3ubuntu1 amd64 [installed,automatic]
xserver-xorg-video-qxl/oracular,now 0.1.6-1build1 amd64 [installed,automatic]
xserver-xorg-video-radeon/oracular,now 1:22.0.0-1build1 amd64 [installed,automatic]
xserver-xorg-video-vesa/oracular,now 1:2.6.0-1ubuntu1 amd64 [installed,automatic]
xserver-xorg-video-vmware/oracular,now 1:13.4.0-1build1 amd64 [installed,automatic]
xserver-xorg/oracular,now 1:7.7+23ubuntu3 amd64 [installed,automatic]
xterm/oracular,now 394-1ubuntu1 amd64 [installed,automatic]
xubuntu-artwork/oracular,now 24.10.1 all [installed,automatic]
xubuntu-default-settings/oracular,now 24.04.4 all [installed,automatic]
xubuntu-desktop-minimal/oracular,now 2.263 amd64 [installed]
xubuntu-wallpapers/oracular,now 24.10.1 all [installed,automatic]
xxd/oracular,now 2:9.1.0496-1ubuntu6 amd64 [installed]
xz-utils/oracular,now 5.6.2-2 amd64 [installed,automatic]
yelp-xsl/oracular,now 42.1-2 all [installed,automatic]
yelp/oracular,now 42.2-1build2 amd64 [installed,automatic]
zeitgeist-core/oracular,now 1.0.4-5ubuntu5 amd64 [installed,automatic]
zip/oracular,now 3.0-14 amd64 [installed,automatic]
zlib1g/oracular,now 1:1.3.dfsg+really1.3.1-1ubuntu1 amd64 [installed]
zstd/oracular,now 1.5.6+dfsg-1 amd64 [installed,automatic]
zutty/oracular,now 0.16.0.20240607+dfsg1-1 amd64 [installed,automatic]

@ -- 
$ sudo du -sh incus/containers/rdp
3.2G    incus/containers/rdp