@-- issue
Ubuntu 24.04.1 LTS \n \l

@-- uname
Linux sq-b 6.8.0-44-generic #44-Ubuntu SMP PREEMPT_DYNAMIC Tue Aug 13 13:35:26 UTC 2024 x86_64 x86_64 x86_64 GNU/Linux
@-- apt list
Listing...
adduser/noble,now 3.137ubuntu1 all [installed,automatic]
apt/noble,now 2.7.14build2 amd64 [installed]
base-files/noble-updates,now 13ubuntu10.1 amd64 [installed]
base-passwd/noble,now 3.6.3build1 amd64 [installed]
bash/noble,now 5.2.21-2ubuntu4 amd64 [installed]
bsdutils/noble-updates,now 1:2.39.3-9ubuntu6.1 amd64 [installed]
ca-certificates/noble,now 20240203 all [installed,automatic]
coreutils/noble,now 9.4-3ubuntu6 amd64 [installed]
cron-daemon-common/noble,now 3.0pl1-184ubuntu2 all [installed,automatic]
cron/noble,now 3.0pl1-184ubuntu2 amd64 [installed,automatic]
curl/noble-updates,noble-security,now 8.5.0-2ubuntu10.4 amd64 [installed]
dash/noble,now 0.5.12-6ubuntu5 amd64 [installed]
dbus-bin/noble-updates,now 1.14.10-4ubuntu4.1 amd64 [installed,automatic]
dbus-daemon/noble-updates,now 1.14.10-4ubuntu4.1 amd64 [installed,automatic]
dbus-session-bus-common/noble-updates,now 1.14.10-4ubuntu4.1 all [installed,automatic]
dbus-system-bus-common/noble-updates,now 1.14.10-4ubuntu4.1 all [installed,automatic]
dbus/noble-updates,now 1.14.10-4ubuntu4.1 amd64 [installed,automatic]
debconf/noble,now 1.5.86ubuntu1 all [installed]
debianutils/noble,now 5.17build1 amd64 [installed]
diffutils/noble,now 1:3.10-1build1 amd64 [installed]
dmsetup/noble-updates,now 2:1.02.185-3ubuntu3.1 amd64 [installed,automatic]
dpkg/noble-updates,noble-security,now 1.22.6ubuntu6.1 amd64 [installed]
e2fsprogs/noble-updates,now 1.47.0-2.4~exp1ubuntu4.1 amd64 [installed]
findutils/noble,now 4.9.0-5build1 amd64 [installed]
gcc-14-base/noble,now 14-20240412-0ubuntu1 amd64 [installed]
gir1.2-girepository-2.0/noble,now 1.80.1-1 amd64 [installed,automatic]
gir1.2-glib-2.0/noble-updates,noble-security,now 2.80.0-6ubuntu3.1 amd64 [installed,automatic]
gpgv/noble,now 2.4.4-2ubuntu17 amd64 [installed]
grep/noble,now 3.11-4build1 amd64 [installed]
gzip/noble,now 1.12-1ubuntu3 amd64 [installed]
hostname/noble,now 3.23+nmu2ubuntu2 amd64 [installed]
init-system-helpers/noble,now 1.66ubuntu1 all [installed]
krb5-locales/noble-updates,noble-security,now 1.20.1-6ubuntu2.1 all [installed,automatic]
less/noble-updates,noble-security,now 590-2ubuntu2.1 amd64 [installed]
libacl1/noble,now 2.3.2-1build1 amd64 [installed]
libapparmor1/noble-updates,now 4.0.1really4.0.1-0ubuntu0.24.04.3 amd64 [installed,automatic]
libapt-pkg6.0t64/noble,now 2.7.14build2 amd64 [installed]
libargon2-1/noble,now 0~20190702+dfsg-4build1 amd64 [installed,automatic]
libassuan0/noble,now 2.5.6-1build1 amd64 [installed]
libattr1/noble,now 1:2.5.2-1build1 amd64 [installed]
libaudit-common/noble,now 1:3.1.2-2.1build1 all [installed]
libaudit1/noble,now 1:3.1.2-2.1build1 amd64 [installed]
libblkid1/noble-updates,now 2.39.3-9ubuntu6.1 amd64 [installed]
libbrotli1/noble,now 1.1.0-2build2 amd64 [installed,automatic]
libbsd0/noble,now 0.12.1-1build1 amd64 [installed,automatic]
libbz2-1.0/noble-updates,now 1.0.8-5.1build0.1 amd64 [installed]
libc-bin/noble-updates,noble-security,now 2.39-0ubuntu8.3 amd64 [installed]
libc6/noble-updates,noble-security,now 2.39-0ubuntu8.3 amd64 [installed]
libcap-ng0/noble,now 0.8.4-2build2 amd64 [installed]
libcap2-bin/noble,now 1:2.66-5ubuntu2 amd64 [installed,automatic]
libcap2/noble,now 1:2.66-5ubuntu2 amd64 [installed]
libcbor0.10/noble,now 0.10.2-1.2ubuntu2 amd64 [installed,automatic]
libcom-err2/noble-updates,now 1.47.0-2.4~exp1ubuntu4.1 amd64 [installed]
libcrypt1/noble,now 1:4.4.36-4build1 amd64 [installed]
libcryptsetup12/noble-updates,now 2:2.7.0-1ubuntu4.1 amd64 [installed,automatic]
libcurl4t64/noble-updates,noble-security,now 8.5.0-2ubuntu10.4 amd64 [installed,automatic]
libdb5.3t64/noble,now 5.3.28+dfsg2-7 amd64 [installed,automatic]
libdbi-perl/noble,now 1.643-4build3 amd64 [installed,automatic]
libdbus-1-3/noble-updates,now 1.14.10-4ubuntu4.1 amd64 [installed,automatic]
libdebconfclient0/noble,now 0.271ubuntu3 amd64 [installed]
libdevmapper1.02.1/noble-updates,now 2:1.02.185-3ubuntu3.1 amd64 [installed,automatic]
libecap3/noble,now 1.0.1-3.4ubuntu2 amd64 [installed,automatic]
libedit2/noble,now 3.1-20230828-1build1 amd64 [installed,automatic]
libexpat1/noble-updates,noble-security,now 2.6.1-2ubuntu0.1 amd64 [installed,automatic]
libext2fs2t64/noble-updates,now 1.47.0-2.4~exp1ubuntu4.1 amd64 [installed]
libfdisk1/noble-updates,now 2.39.3-9ubuntu6.1 amd64 [installed,automatic]
libffi8/noble,now 3.4.6-1build1 amd64 [installed]
libfido2-1/noble,now 1.14.0-1build3 amd64 [installed,automatic]
libgcc-s1/noble,now 14-20240412-0ubuntu1 amd64 [installed]
libgcrypt20/noble,now 1.10.3-2build1 amd64 [installed]
libgdbm-compat4t64/noble,now 1.23-5.1build1 amd64 [installed,automatic]
libgdbm6t64/noble,now 1.23-5.1build1 amd64 [installed,automatic]
libgirepository-1.0-1/noble,now 1.80.1-1 amd64 [installed,automatic]
libglib2.0-0t64/noble-updates,noble-security,now 2.80.0-6ubuntu3.1 amd64 [installed,automatic]
libglib2.0-data/noble-updates,noble-security,now 2.80.0-6ubuntu3.1 all [installed,automatic]
libgmp10/noble,now 2:6.3.0+dfsg-2ubuntu6 amd64 [installed]
libgnutls30t64/noble-updates,now 3.8.3-1.1ubuntu3.2 amd64 [installed]
libgpg-error0/noble,now 1.47-3build2 amd64 [installed]
libgpm2/noble,now 1.20.7-11 amd64 [installed,automatic]
libgssapi-krb5-2/noble-updates,noble-security,now 1.20.1-6ubuntu2.1 amd64 [installed,automatic]
libhogweed6t64/noble-updates,now 3.9.1-2.2build1.1 amd64 [installed]
libicu74/noble-updates,now 74.2-1ubuntu3.1 amd64 [installed,automatic]
libidn2-0/noble,now 2.3.7-2build1 amd64 [installed]
libjson-c5/noble,now 0.17-1build1 amd64 [installed,automatic]
libk5crypto3/noble-updates,noble-security,now 1.20.1-6ubuntu2.1 amd64 [installed,automatic]
libkeyutils1/noble,now 1.6.3-3build1 amd64 [installed,automatic]
libkmod2/noble,now 31+20240202-2ubuntu7 amd64 [installed,automatic]
libkrb5-3/noble-updates,noble-security,now 1.20.1-6ubuntu2.1 amd64 [installed,automatic]
libkrb5support0/noble-updates,noble-security,now 1.20.1-6ubuntu2.1 amd64 [installed,automatic]
libldap-common/noble,now 2.6.7+dfsg-1~exp1ubuntu8 all [installed,automatic]
libldap2/noble,now 2.6.7+dfsg-1~exp1ubuntu8 amd64 [installed,automatic]
libltdl7/noble,now 2.4.7-7build1 amd64 [installed,automatic]
liblz4-1/noble-updates,now 1.9.4-1build1.1 amd64 [installed]
liblzma5/noble-updates,now 5.6.1+really5.4.5-1build0.1 amd64 [installed]
libmd0/noble,now 1.1.0-2build1 amd64 [installed]
libmnl0/noble,now 1.0.5-2build1 amd64 [installed,automatic]
libmount1/noble-updates,now 2.39.3-9ubuntu6.1 amd64 [installed]
libncursesw6/noble,now 6.4+20240113-1ubuntu2 amd64 [installed]
libnetfilter-conntrack3/noble,now 1.0.9-6build1 amd64 [installed,automatic]
libnettle8t64/noble-updates,now 3.9.1-2.2build1.1 amd64 [installed]
libnfnetlink0/noble,now 1.0.2-2build1 amd64 [installed,automatic]
libnghttp2-14/noble-updates,noble-security,now 1.59.0-1ubuntu0.1 amd64 [installed,automatic]
libnpth0t64/noble,now 1.6-3.1build1 amd64 [installed]
libp11-kit0/noble-updates,now 0.25.3-4ubuntu2.1 amd64 [installed]
libpam-cap/noble,now 1:2.66-5ubuntu2 amd64 [installed,automatic]
libpam-modules-bin/noble-updates,now 1.5.3-5ubuntu5.1 amd64 [installed]
libpam-modules/noble-updates,now 1.5.3-5ubuntu5.1 amd64 [installed]
libpam-runtime/noble-updates,now 1.5.3-5ubuntu5.1 all [installed]
libpam0g/noble-updates,now 1.5.3-5ubuntu5.1 amd64 [installed]
libpcre2-8-0/noble,now 10.42-4ubuntu2 amd64 [installed]
libperl5.38t64/noble,now 5.38.2-3.2build2 amd64 [installed,automatic]
libpopt0/noble,now 1.19+dfsg-1build1 amd64 [installed,automatic]
libproc2-0/noble-updates,now 2:4.0.4-4ubuntu3.1 amd64 [installed]
libpsl5t64/noble,now 0.21.2-1.1build1 amd64 [installed,automatic]
libpython3-stdlib/noble-updates,now 3.12.3-0ubuntu2 amd64 [installed,automatic]
libpython3.12-minimal/noble-updates,noble-security,now 3.12.3-1ubuntu0.2 amd64 [installed,automatic]
libpython3.12-stdlib/noble-updates,noble-security,now 3.12.3-1ubuntu0.2 amd64 [installed,automatic]
libpython3.12t64/noble-updates,noble-security,now 3.12.3-1ubuntu0.2 amd64 [installed,automatic]
libreadline8t64/noble,now 8.2-4build1 amd64 [installed,automatic]
librtmp1/noble,now 2.4+20151223.gitfa8646d.1-2build7 amd64 [installed,automatic]
libsasl2-2/noble-updates,now 2.1.28+dfsg1-5ubuntu3.1 amd64 [installed,automatic]
libsasl2-modules-db/noble-updates,now 2.1.28+dfsg1-5ubuntu3.1 amd64 [installed,automatic]
libsasl2-modules/noble-updates,now 2.1.28+dfsg1-5ubuntu3.1 amd64 [installed,automatic]
libseccomp2/noble-updates,now 2.5.5-1ubuntu3.1 amd64 [installed]
libselinux1/noble,now 3.5-2ubuntu2 amd64 [installed]
libsemanage-common/noble,now 3.5-1build5 all [installed]
libsemanage2/noble,now 3.5-1build5 amd64 [installed]
libsepol2/noble,now 3.5-2build1 amd64 [installed]
libsmartcols1/noble-updates,now 2.39.3-9ubuntu6.1 amd64 [installed]
libsodium23/noble,now 1.0.18-1build3 amd64 [installed,automatic]
libsqlite3-0/noble,now 3.45.1-1ubuntu2 amd64 [installed,automatic]
libss2/noble-updates,now 1.47.0-2.4~exp1ubuntu4.1 amd64 [installed]
libssh-4/noble,now 0.10.6-2build2 amd64 [installed,automatic]
libssl3t64/noble-updates,noble-security,now 3.0.13-0ubuntu3.4 amd64 [installed]
libstdc++6/noble,now 14-20240412-0ubuntu1 amd64 [installed]
libsystemd-shared/noble-updates,now 255.4-1ubuntu8.4 amd64 [installed,automatic]
libsystemd0/noble-updates,now 255.4-1ubuntu8.4 amd64 [installed]
libtasn1-6/noble,now 4.19.0-3build1 amd64 [installed]
libtdb1/noble,now 1.4.10-1build1 amd64 [installed,automatic]
libtinfo6/noble,now 6.4+20240113-1ubuntu2 amd64 [installed]
libudev1/noble-updates,now 255.4-1ubuntu8.4 amd64 [installed]
libunistring5/noble,now 1.1-2build1 amd64 [installed]
libuuid1/noble-updates,now 2.39.3-9ubuntu6.1 amd64 [installed]
libx11-6/noble,now 2:1.8.7-1build1 amd64 [installed,automatic]
libx11-data/noble,now 2:1.8.7-1build1 all [installed,automatic]
libxau6/noble,now 1:1.0.9-1build6 amd64 [installed,automatic]
libxcb1/noble,now 1.15-1ubuntu2 amd64 [installed,automatic]
libxdmcp6/noble,now 1:1.1.3-0ubuntu6 amd64 [installed,automatic]
libxext6/noble,now 2:1.3.4-1build2 amd64 [installed,automatic]
libxml2/noble,now 2.9.14+dfsg-1.3ubuntu3 amd64 [installed,automatic]
libxmuu1/noble,now 2:1.1.3-3build2 amd64 [installed,automatic]
libxxhash0/noble,now 0.8.2-2build1 amd64 [installed]
libzstd1/noble-updates,now 1.5.5+dfsg2-2build1.1 amd64 [installed]
login/noble,now 1:4.13+dfsg1-4ubuntu3 amd64 [installed]
logrotate/noble,now 3.21.0-2build1 amd64 [installed,automatic]
logsave/noble-updates,now 1.47.0-2.4~exp1ubuntu4.1 amd64 [installed]
mawk/noble,now 1.3.4.20240123-1build1 amd64 [installed]
media-types/noble,now 10.1.0 all [installed,automatic]
mount/noble-updates,now 2.39.3-9ubuntu6.1 amd64 [installed]
ncurses-base/noble,now 6.4+20240113-1ubuntu2 all [installed]
ncurses-bin/noble,now 6.4+20240113-1ubuntu2 amd64 [installed]
netbase/noble,now 6.4 all [installed,automatic]
networkd-dispatcher/noble,now 2.2.4-1 all [installed,automatic]
openssh-client/noble-updates,now 1:9.6p1-3ubuntu13.5 amd64 [installed]
openssl/noble-updates,noble-security,now 3.0.13-0ubuntu3.4 amd64 [installed,automatic]
passwd/noble,now 1:4.13+dfsg1-4ubuntu3 amd64 [installed]
perl-base/noble,now 5.38.2-3.2build2 amd64 [installed]
perl-modules-5.38/noble,now 5.38.2-3.2build2 all [installed,automatic]
perl/noble,now 5.38.2-3.2build2 amd64 [installed,automatic]
procps/noble-updates,now 2:4.0.4-4ubuntu3.1 amd64 [installed]
publicsuffix/noble,now 20231001.0357-0.1 all [installed,automatic]
python3-dbus/noble,now 1.3.2-5build3 amd64 [installed,automatic]
python3-gi/noble,now 3.48.2-1 amd64 [installed,automatic]
python3-minimal/noble-updates,now 3.12.3-0ubuntu2 amd64 [installed,automatic]
python3.12-minimal/noble-updates,noble-security,now 3.12.3-1ubuntu0.2 amd64 [installed,automatic]
python3.12/noble-updates,noble-security,now 3.12.3-1ubuntu0.2 amd64 [installed,automatic]
python3/noble-updates,now 3.12.3-0ubuntu2 amd64 [installed,automatic]
readline-common/noble,now 8.2-4build1 all [installed,automatic]
sed/noble,now 4.9-2build1 amd64 [installed]
sensible-utils/noble,now 0.0.22 all [installed]
shared-mime-info/noble,now 2.4-4 amd64 [installed,automatic]
squid-common/noble-updates,noble-security,now 6.6-1ubuntu5.1 all [installed,automatic]
squid-langpack/noble,now 20220130-1 all [installed,automatic]
squid-openssl/noble-updates,noble-security,now 6.6-1ubuntu5.1 amd64 [installed]
squidclient/noble-updates,noble-security,now 6.6-1ubuntu5.1 amd64 [installed]
ssl-cert/noble,now 1.1.2ubuntu1 all [installed,automatic]
systemd-dev/noble-updates,now 255.4-1ubuntu8.4 all [installed,automatic]
systemd-resolved/noble-updates,now 255.4-1ubuntu8.4 amd64 [installed,automatic]
systemd-timesyncd/noble-updates,now 255.4-1ubuntu8.4 amd64 [installed,automatic]
systemd/noble-updates,now 255.4-1ubuntu8.4 amd64 [installed,automatic]
sysvinit-utils/noble,now 3.08-6ubuntu3 amd64 [installed]
tar/noble,now 1.35+dfsg-3build1 amd64 [installed]
tzdata/noble-updates,now 2024a-3ubuntu1.1 all [installed,automatic]
ubuntu-keyring/noble,now 2023.11.28.1 all [installed]
util-linux/noble-updates,now 2.39.3-9ubuntu6.1 amd64 [installed]
vim-common/noble-updates,noble-security,now 2:9.1.0016-1ubuntu7.3 all [installed,automatic]
vim-runtime/noble-updates,noble-security,now 2:9.1.0016-1ubuntu7.3 all [installed,automatic]
vim/noble-updates,noble-security,now 2:9.1.0016-1ubuntu7.3 amd64 [installed]
xauth/noble,now 1:1.1.2-1build1 amd64 [installed,automatic]
xdg-user-dirs/noble,now 0.18-1build1 amd64 [installed,automatic]
xxd/noble-updates,noble-security,now 2:9.1.0016-1ubuntu7.3 amd64 [installed,automatic]
zlib1g/noble-updates,now 1:1.3.dfsg-3.1ubuntu2.1 amd64 [installed]
